Unknown MODEL: 
==================EXP 1=================
Experiment Configuration:
Architecture: GPU-accel
Model: densenet201
Device: GPU
Number of Experiments: 20
Number of threads: 6
Data File: ./cfg/imagenet1k.data
Config File: ./cfg/densenet201.cfg
Input File: data/dog.jpg
========================================
[2024-10-17 20:26:08] Experiment Started!!!
[2024-10-17 20:26:08] Start gpu-accel-nano architecture with (1-thread)!!
[2024-10-17 20:26:14] End gpu-accel-nano architecture with (1-thread)!!
Elapsed time: 0h 0m 6s
[2024-10-17 20:26:14] Start gpu-accel-nano architecture with (2-thread)!!
[2024-10-17 20:26:24] End gpu-accel-nano architecture with (2-thread)!!
Elapsed time: 0h 0m 10s
[2024-10-17 20:26:24] Start gpu-accel-nano architecture with (3-thread)!!
[2024-10-17 20:26:35] End gpu-accel-nano architecture with (3-thread)!!
Elapsed time: 0h 0m 11s
[2024-10-17 20:26:35] Start gpu-accel-nano architecture with (4-thread)!!
[2024-10-17 20:26:49] End gpu-accel-nano architecture with (4-thread)!!
Elapsed time: 0h 0m 14s
[2024-10-17 20:26:49] Start gpu-accel-nano architecture with (5-thread)!!
