==================EXP 1=================
Experiment Configuration:
Architecture: GPU-accel
Model: densenet201
Device: GPU
Number of Experiments: 20
Number of threads: 6
Data File: ./cfg/imagenet1k.data
Config File: ./cfg/densenet201.cfg
Input File: data/dog.jpg
========================================
[2024-10-17 21:09:04] Experiment Started!!!
[2024-10-17 21:09:04] Start gpu-accel-nano architecture with glayer 64 (1-thread) [STEP: 64]!!
[2024-10-17 21:09:04] End gpu-accel-nano architecture with glayer 64 (1-thread) [STEP: 64]!!
Elapsed time: 0h 0m 0s
[2024-10-17 21:09:04] Start gpu-accel-nano architecture with glayer 128 (1-thread) [STEP: 64]!!
[2024-10-17 21:09:04] End gpu-accel-nano architecture with glayer 128 (1-thread) [STEP: 64]!!
Elapsed time: 0h 0m 0s
[2024-10-17 21:09:04] Start gpu-accel-nano architecture with glayer 192 (1-thread) [STEP: 64]!!
[2024-10-17 21:09:04] End gpu-accel-nano architecture with glayer 192 (1-thread) [STEP: 64]!!
Elapsed time: 0h 0m 0s
[2024-10-17 21:09:04] Start gpu-accel-nano architecture with glayer 256 (1-thread) [STEP: 64]!!
[2024-10-17 21:09:04] End gpu-accel-nano architecture with glayer 256 (1-thread) [STEP: 64]!!
Elapsed time: 0h 0m 0s
[2024-10-17 21:09:05] Start gpu-accel-nano architecture with glayer 0 (2-thread) [STEP: 64]!!
[2024-10-17 21:09:05] End gpu-accel-nano architecture with glayer 0 (2-thread) [STEP: 64]!!
Elapsed time: 0h 0m 0s
[2024-10-17 21:09:05] Start gpu-accel-nano architecture with glayer 64 (2-thread) [STEP: 64]!!
[2024-10-17 21:09:05] End gpu-accel-nano architecture with glayer 64 (2-thread) [STEP: 64]!!
Elapsed time: 0h 0m 0s
[2024-10-17 21:09:05] Start gpu-accel-nano architecture with glayer 128 (2-thread) [STEP: 64]!!
[2024-10-17 21:09:05] End gpu-accel-nano architecture with glayer 128 (2-thread) [STEP: 64]!!
Elapsed time: 0h 0m 0s
[2024-10-17 21:09:05] Start gpu-accel-nano architecture with glayer 192 (2-thread) [STEP: 64]!!
[2024-10-17 21:09:05] End gpu-accel-nano architecture with glayer 192 (2-thread) [STEP: 64]!!
Elapsed time: 0h 0m 0s
[2024-10-17 21:09:05] Start gpu-accel-nano architecture with glayer 256 (2-thread) [STEP: 64]!!
[2024-10-17 21:09:05] End gpu-accel-nano architecture with glayer 256 (2-thread) [STEP: 64]!!
Elapsed time: 0h 0m 0s
[2024-10-17 21:09:05] Start gpu-accel-nano architecture with glayer 0 (3-thread) [STEP: 64]!!
[2024-10-17 21:09:05] End gpu-accel-nano architecture with glayer 0 (3-thread) [STEP: 64]!!
Elapsed time: 0h 0m 0s
[2024-10-17 21:09:05] Start gpu-accel-nano architecture with glayer 64 (3-thread) [STEP: 64]!!
[2024-10-17 21:09:05] End gpu-accel-nano architecture with glayer 64 (3-thread) [STEP: 64]!!
Elapsed time: 0h 0m 0s
[2024-10-17 21:09:05] Start gpu-accel-nano architecture with glayer 128 (3-thread) [STEP: 64]!!
[2024-10-17 21:09:05] End gpu-accel-nano architecture with glayer 128 (3-thread) [STEP: 64]!!
Elapsed time: 0h 0m 0s
[2024-10-17 21:09:05] Start gpu-accel-nano architecture with glayer 192 (3-thread) [STEP: 64]!!
[2024-10-17 21:09:05] End gpu-accel-nano architecture with glayer 192 (3-thread) [STEP: 64]!!
Elapsed time: 0h 0m 0s
[2024-10-17 21:09:06] Start gpu-accel-nano architecture with glayer 256 (3-thread) [STEP: 64]!!
[2024-10-17 21:09:06] End gpu-accel-nano architecture with glayer 256 (3-thread) [STEP: 64]!!
Elapsed time: 0h 0m 0s
[2024-10-17 21:09:06] Start gpu-accel-nano architecture with glayer 0 (4-thread) [STEP: 64]!!
[2024-10-17 21:09:06] End gpu-accel-nano architecture with glayer 0 (4-thread) [STEP: 64]!!
Elapsed time: 0h 0m 0s
[2024-10-17 21:09:06] Start gpu-accel-nano architecture with glayer 64 (4-thread) [STEP: 64]!!
[2024-10-17 21:09:06] End gpu-accel-nano architecture with glayer 64 (4-thread) [STEP: 64]!!
Elapsed time: 0h 0m 0s
[2024-10-17 21:09:06] Start gpu-accel-nano architecture with glayer 128 (4-thread) [STEP: 64]!!
[2024-10-17 21:09:06] End gpu-accel-nano architecture with glayer 128 (4-thread) [STEP: 64]!!
Elapsed time: 0h 0m 0s
[2024-10-17 21:09:06] Start gpu-accel-nano architecture with glayer 192 (4-thread) [STEP: 64]!!
[2024-10-17 21:09:06] End gpu-accel-nano architecture with glayer 192 (4-thread) [STEP: 64]!!
Elapsed time: 0h 0m 0s
[2024-10-17 21:09:06] Start gpu-accel-nano architecture with glayer 256 (4-thread) [STEP: 64]!!
[2024-10-17 21:09:06] End gpu-accel-nano architecture with glayer 256 (4-thread) [STEP: 64]!!
Elapsed time: 0h 0m 0s
[2024-10-17 21:09:06] Start gpu-accel-nano architecture with glayer 0 (5-thread) [STEP: 64]!!
[2024-10-17 21:09:06] End gpu-accel-nano architecture with glayer 0 (5-thread) [STEP: 64]!!
Elapsed time: 0h 0m 0s
[2024-10-17 21:09:06] Start gpu-accel-nano architecture with glayer 64 (5-thread) [STEP: 64]!!
[2024-10-17 21:09:06] End gpu-accel-nano architecture with glayer 64 (5-thread) [STEP: 64]!!
Elapsed time: 0h 0m 0s
[2024-10-17 21:09:06] Start gpu-accel-nano architecture with glayer 128 (5-thread) [STEP: 64]!!
[2024-10-17 21:09:06] End gpu-accel-nano architecture with glayer 128 (5-thread) [STEP: 64]!!
Elapsed time: 0h 0m 0s
[2024-10-17 21:09:07] Start gpu-accel-nano architecture with glayer 192 (5-thread) [STEP: 64]!!
[2024-10-17 21:09:07] End gpu-accel-nano architecture with glayer 192 (5-thread) [STEP: 64]!!
Elapsed time: 0h 0m 0s
[2024-10-17 21:09:07] Start gpu-accel-nano architecture with glayer 256 (5-thread) [STEP: 64]!!
[2024-10-17 21:09:07] End gpu-accel-nano architecture with glayer 256 (5-thread) [STEP: 64]!!
Elapsed time: 0h 0m 0s
[2024-10-17 21:09:07] Start gpu-accel-nano architecture with glayer 0 (6-thread) [STEP: 64]!!
[2024-10-17 21:09:07] End gpu-accel-nano architecture with glayer 0 (6-thread) [STEP: 64]!!
Elapsed time: 0h 0m 0s
[2024-10-17 21:09:07] Start gpu-accel-nano architecture with glayer 64 (6-thread) [STEP: 64]!!
[2024-10-17 21:09:07] End gpu-accel-nano architecture with glayer 64 (6-thread) [STEP: 64]!!
Elapsed time: 0h 0m 0s
[2024-10-17 21:09:07] Start gpu-accel-nano architecture with glayer 128 (6-thread) [STEP: 64]!!
[2024-10-17 21:09:07] End gpu-accel-nano architecture with glayer 128 (6-thread) [STEP: 64]!!
Elapsed time: 0h 0m 0s
[2024-10-17 21:09:07] Start gpu-accel-nano architecture with glayer 192 (6-thread) [STEP: 64]!!
[2024-10-17 21:09:07] End gpu-accel-nano architecture with glayer 192 (6-thread) [STEP: 64]!!
Elapsed time: 0h 0m 0s
[2024-10-17 21:09:07] Start gpu-accel-nano architecture with glayer 256 (6-thread) [STEP: 64]!!
[2024-10-17 21:09:07] End gpu-accel-nano architecture with glayer 256 (6-thread) [STEP: 64]!!
Elapsed time: 0h 0m 0s
==================EXP 1=================
Experiment Configuration:
Architecture: GPU-accel
Model: densenet201
Device: GPU
Number of Experiments: 20
Number of threads: 6
Data File: ./cfg/imagenet1k.data
Config File: ./cfg/densenet201.cfg
Input File: data/dog.jpg
========================================
[2024-10-17 21:09:11] Experiment Started!!!
[2024-10-17 21:09:11] Start gpu-accel-nano architecture with glayer 64 (1-thread) [STEP: 64]!!
==================EXP 1=================
Experiment Configuration:
Architecture: GPU-accel
Model: yolov7-tiny
Device: GPU
Number of Experiments: 20
Number of threads: 6
Data File: ./cfg/coco.data
Config File: ./cfg/yolov7-tiny.cfg
Input File: data/dog.jpg
========================================
[2024-10-17 21:09:37] Experiment Started!!!
[2024-10-17 21:09:37] Start gpu-accel-nano architecture with glayer 0 (1-thread) [STEP: 64]!!
[2024-10-17 21:09:38] End gpu-accel-nano architecture with glayer 0 (1-thread) [STEP: 64]!!
Elapsed time: 0h 0m 1s
[2024-10-17 21:09:38] Start gpu-accel-nano architecture with glayer 64 (1-thread) [STEP: 64]!!
[2024-10-17 21:09:38] End gpu-accel-nano architecture with glayer 64 (1-thread) [STEP: 64]!!
Elapsed time: 0h 0m 0s
[2024-10-17 21:09:38] Start gpu-accel-nano architecture with glayer 0 (2-thread) [STEP: 64]!!
[2024-10-17 21:09:39] End gpu-accel-nano architecture with glayer 0 (2-thread) [STEP: 64]!!
Elapsed time: 0h 0m 1s
[2024-10-17 21:09:39] Start gpu-accel-nano architecture with glayer 64 (2-thread) [STEP: 64]!!
[2024-10-17 21:09:39] End gpu-accel-nano architecture with glayer 64 (2-thread) [STEP: 64]!!
Elapsed time: 0h 0m 0s
[2024-10-17 21:09:39] Start gpu-accel-nano architecture with glayer 0 (3-thread) [STEP: 64]!!
[2024-10-17 21:09:40] End gpu-accel-nano architecture with glayer 0 (3-thread) [STEP: 64]!!
Elapsed time: 0h 0m 1s
[2024-10-17 21:09:40] Start gpu-accel-nano architecture with glayer 64 (3-thread) [STEP: 64]!!
[2024-10-17 21:09:40] End gpu-accel-nano architecture with glayer 64 (3-thread) [STEP: 64]!!
Elapsed time: 0h 0m 0s
[2024-10-17 21:09:40] Start gpu-accel-nano architecture with glayer 0 (4-thread) [STEP: 64]!!
