==================EXP 1=================
Experiment Configuration:
Architecture: GPU-accel
Model: densenet201
Device: GPU
Number of Experiments: 20
Number of threads: 6
Data File: ./cfg/imagenet1k.data
Config File: ./cfg/densenet201.cfg
Input File: data/dog.jpg
========================================
[2024-10-17 21:07:22] Experiment Started!!!
==================EXP 1=================
Experiment Configuration:
Architecture: GPU-accel
Model: densenet201
Device: GPU
Number of Experiments: 20
Number of threads: 6
Data File: ./cfg/imagenet1k.data
Config File: ./cfg/densenet201.cfg
Input File: data/dog.jpg
========================================
[2024-10-17 21:07:57] Experiment Started!!!
[2024-10-17 21:07:57] Start gpu-accel-nano architecture with glayer 32 (1-thread)!!
[2024-10-17 21:07:57] End gpu-accel-nano architecture with glayer 32 (1-thread)!!
Elapsed time: 0h 0m 0s
[2024-10-17 21:07:57] Start gpu-accel-nano architecture with glayer 64 (1-thread)!!
[2024-10-17 21:07:57] End gpu-accel-nano architecture with glayer 64 (1-thread)!!
Elapsed time: 0h 0m 0s
[2024-10-17 21:07:57] Start gpu-accel-nano architecture with glayer 96 (1-thread)!!
[2024-10-17 21:07:57] End gpu-accel-nano architecture with glayer 96 (1-thread)!!
Elapsed time: 0h 0m 0s
[2024-10-17 21:07:57] Start gpu-accel-nano architecture with glayer 128 (1-thread)!!
[2024-10-17 21:07:57] End gpu-accel-nano architecture with glayer 128 (1-thread)!!
Elapsed time: 0h 0m 0s
[2024-10-17 21:07:57] Start gpu-accel-nano architecture with glayer 160 (1-thread)!!
[2024-10-17 21:07:57] End gpu-accel-nano architecture with glayer 160 (1-thread)!!
Elapsed time: 0h 0m 0s
[2024-10-17 21:07:57] Start gpu-accel-nano architecture with glayer 192 (1-thread)!!
[2024-10-17 21:07:57] End gpu-accel-nano architecture with glayer 192 (1-thread)!!
Elapsed time: 0h 0m 0s
[2024-10-17 21:07:58] Start gpu-accel-nano architecture with glayer 224 (1-thread)!!
[2024-10-17 21:07:58] End gpu-accel-nano architecture with glayer 224 (1-thread)!!
Elapsed time: 0h 0m 0s
[2024-10-17 21:07:58] Start gpu-accel-nano architecture with glayer 256 (1-thread)!!
[2024-10-17 21:07:58] End gpu-accel-nano architecture with glayer 256 (1-thread)!!
Elapsed time: 0h 0m 0s
[2024-10-17 21:07:58] Start gpu-accel-nano architecture with glayer 288 (1-thread)!!
[2024-10-17 21:07:58] End gpu-accel-nano architecture with glayer 288 (1-thread)!!
Elapsed time: 0h 0m 0s
[2024-10-17 21:07:58] Start gpu-accel-nano architecture with glayer 0 (2-thread)!!
[2024-10-17 21:07:58] End gpu-accel-nano architecture with glayer 0 (2-thread)!!
Elapsed time: 0h 0m 0s
[2024-10-17 21:07:58] Start gpu-accel-nano architecture with glayer 32 (2-thread)!!
[2024-10-17 21:07:58] End gpu-accel-nano architecture with glayer 32 (2-thread)!!
Elapsed time: 0h 0m 0s
[2024-10-17 21:07:58] Start gpu-accel-nano architecture with glayer 64 (2-thread)!!
[2024-10-17 21:07:58] End gpu-accel-nano architecture with glayer 64 (2-thread)!!
Elapsed time: 0h 0m 0s
[2024-10-17 21:07:58] Start gpu-accel-nano architecture with glayer 96 (2-thread)!!
[2024-10-17 21:07:58] End gpu-accel-nano architecture with glayer 96 (2-thread)!!
Elapsed time: 0h 0m 0s
[2024-10-17 21:07:58] Start gpu-accel-nano architecture with glayer 128 (2-thread)!!
[2024-10-17 21:07:58] End gpu-accel-nano architecture with glayer 128 (2-thread)!!
Elapsed time: 0h 0m 0s
[2024-10-17 21:07:58] Start gpu-accel-nano architecture with glayer 160 (2-thread)!!
[2024-10-17 21:07:58] End gpu-accel-nano architecture with glayer 160 (2-thread)!!
Elapsed time: 0h 0m 0s
[2024-10-17 21:07:59] Start gpu-accel-nano architecture with glayer 192 (2-thread)!!
[2024-10-17 21:07:59] End gpu-accel-nano architecture with glayer 192 (2-thread)!!
Elapsed time: 0h 0m 0s
[2024-10-17 21:07:59] Start gpu-accel-nano architecture with glayer 224 (2-thread)!!
[2024-10-17 21:07:59] End gpu-accel-nano architecture with glayer 224 (2-thread)!!
Elapsed time: 0h 0m 0s
[2024-10-17 21:07:59] Start gpu-accel-nano architecture with glayer 256 (2-thread)!!
[2024-10-17 21:07:59] End gpu-accel-nano architecture with glayer 256 (2-thread)!!
Elapsed time: 0h 0m 0s
[2024-10-17 21:07:59] Start gpu-accel-nano architecture with glayer 288 (2-thread)!!
[2024-10-17 21:07:59] End gpu-accel-nano architecture with glayer 288 (2-thread)!!
Elapsed time: 0h 0m 0s
[2024-10-17 21:07:59] Start gpu-accel-nano architecture with glayer 0 (3-thread)!!
[2024-10-17 21:07:59] End gpu-accel-nano architecture with glayer 0 (3-thread)!!
Elapsed time: 0h 0m 0s
[2024-10-17 21:07:59] Start gpu-accel-nano architecture with glayer 32 (3-thread)!!
[2024-10-17 21:07:59] End gpu-accel-nano architecture with glayer 32 (3-thread)!!
Elapsed time: 0h 0m 0s
[2024-10-17 21:07:59] Start gpu-accel-nano architecture with glayer 64 (3-thread)!!
[2024-10-17 21:07:59] End gpu-accel-nano architecture with glayer 64 (3-thread)!!
Elapsed time: 0h 0m 0s
[2024-10-17 21:07:59] Start gpu-accel-nano architecture with glayer 96 (3-thread)!!
[2024-10-17 21:07:59] End gpu-accel-nano architecture with glayer 96 (3-thread)!!
Elapsed time: 0h 0m 0s
[2024-10-17 21:07:59] Start gpu-accel-nano architecture with glayer 128 (3-thread)!!
[2024-10-17 21:07:59] End gpu-accel-nano architecture with glayer 128 (3-thread)!!
Elapsed time: 0h 0m 0s
[2024-10-17 21:08:00] Start gpu-accel-nano architecture with glayer 160 (3-thread)!!
[2024-10-17 21:08:00] End gpu-accel-nano architecture with glayer 160 (3-thread)!!
Elapsed time: 0h 0m 0s
[2024-10-17 21:08:00] Start gpu-accel-nano architecture with glayer 192 (3-thread)!!
[2024-10-17 21:08:00] End gpu-accel-nano architecture with glayer 192 (3-thread)!!
Elapsed time: 0h 0m 0s
[2024-10-17 21:08:00] Start gpu-accel-nano architecture with glayer 224 (3-thread)!!
[2024-10-17 21:08:00] End gpu-accel-nano architecture with glayer 224 (3-thread)!!
Elapsed time: 0h 0m 0s
[2024-10-17 21:08:00] Start gpu-accel-nano architecture with glayer 256 (3-thread)!!
[2024-10-17 21:08:00] End gpu-accel-nano architecture with glayer 256 (3-thread)!!
Elapsed time: 0h 0m 0s
[2024-10-17 21:08:00] Start gpu-accel-nano architecture with glayer 288 (3-thread)!!
[2024-10-17 21:08:00] End gpu-accel-nano architecture with glayer 288 (3-thread)!!
Elapsed time: 0h 0m 0s
[2024-10-17 21:08:00] Start gpu-accel-nano architecture with glayer 0 (4-thread)!!
[2024-10-17 21:08:00] End gpu-accel-nano architecture with glayer 0 (4-thread)!!
Elapsed time: 0h 0m 0s
[2024-10-17 21:08:00] Start gpu-accel-nano architecture with glayer 32 (4-thread)!!
[2024-10-17 21:08:00] End gpu-accel-nano architecture with glayer 32 (4-thread)!!
Elapsed time: 0h 0m 0s
[2024-10-17 21:08:00] Start gpu-accel-nano architecture with glayer 64 (4-thread)!!
[2024-10-17 21:08:00] End gpu-accel-nano architecture with glayer 64 (4-thread)!!
Elapsed time: 0h 0m 0s
[2024-10-17 21:08:00] Start gpu-accel-nano architecture with glayer 96 (4-thread)!!
[2024-10-17 21:08:00] End gpu-accel-nano architecture with glayer 96 (4-thread)!!
Elapsed time: 0h 0m 0s
[2024-10-17 21:08:01] Start gpu-accel-nano architecture with glayer 128 (4-thread)!!
[2024-10-17 21:08:01] End gpu-accel-nano architecture with glayer 128 (4-thread)!!
Elapsed time: 0h 0m 0s
[2024-10-17 21:08:01] Start gpu-accel-nano architecture with glayer 160 (4-thread)!!
[2024-10-17 21:08:01] End gpu-accel-nano architecture with glayer 160 (4-thread)!!
Elapsed time: 0h 0m 0s
[2024-10-17 21:08:01] Start gpu-accel-nano architecture with glayer 192 (4-thread)!!
[2024-10-17 21:08:01] End gpu-accel-nano architecture with glayer 192 (4-thread)!!
Elapsed time: 0h 0m 0s
[2024-10-17 21:08:01] Start gpu-accel-nano architecture with glayer 224 (4-thread)!!
[2024-10-17 21:08:01] End gpu-accel-nano architecture with glayer 224 (4-thread)!!
Elapsed time: 0h 0m 0s
[2024-10-17 21:08:01] Start gpu-accel-nano architecture with glayer 256 (4-thread)!!
[2024-10-17 21:08:01] End gpu-accel-nano architecture with glayer 256 (4-thread)!!
Elapsed time: 0h 0m 0s
[2024-10-17 21:08:01] Start gpu-accel-nano architecture with glayer 288 (4-thread)!!
[2024-10-17 21:08:01] End gpu-accel-nano architecture with glayer 288 (4-thread)!!
Elapsed time: 0h 0m 0s
[2024-10-17 21:08:01] Start gpu-accel-nano architecture with glayer 0 (5-thread)!!
[2024-10-17 21:08:01] End gpu-accel-nano architecture with glayer 0 (5-thread)!!
Elapsed time: 0h 0m 0s
[2024-10-17 21:08:01] Start gpu-accel-nano architecture with glayer 32 (5-thread)!!
[2024-10-17 21:08:01] End gpu-accel-nano architecture with glayer 32 (5-thread)!!
Elapsed time: 0h 0m 0s
[2024-10-17 21:08:01] Start gpu-accel-nano architecture with glayer 64 (5-thread)!!
[2024-10-17 21:08:01] End gpu-accel-nano architecture with glayer 64 (5-thread)!!
Elapsed time: 0h 0m 0s
[2024-10-17 21:08:02] Start gpu-accel-nano architecture with glayer 96 (5-thread)!!
[2024-10-17 21:08:02] End gpu-accel-nano architecture with glayer 96 (5-thread)!!
Elapsed time: 0h 0m 0s
[2024-10-17 21:08:02] Start gpu-accel-nano architecture with glayer 128 (5-thread)!!
[2024-10-17 21:08:02] End gpu-accel-nano architecture with glayer 128 (5-thread)!!
Elapsed time: 0h 0m 0s
[2024-10-17 21:08:02] Start gpu-accel-nano architecture with glayer 160 (5-thread)!!
[2024-10-17 21:08:02] End gpu-accel-nano architecture with glayer 160 (5-thread)!!
Elapsed time: 0h 0m 0s
[2024-10-17 21:08:02] Start gpu-accel-nano architecture with glayer 192 (5-thread)!!
[2024-10-17 21:08:02] End gpu-accel-nano architecture with glayer 192 (5-thread)!!
Elapsed time: 0h 0m 0s
[2024-10-17 21:08:02] Start gpu-accel-nano architecture with glayer 224 (5-thread)!!
[2024-10-17 21:08:02] End gpu-accel-nano architecture with glayer 224 (5-thread)!!
Elapsed time: 0h 0m 0s
[2024-10-17 21:08:02] Start gpu-accel-nano architecture with glayer 256 (5-thread)!!
[2024-10-17 21:08:02] End gpu-accel-nano architecture with glayer 256 (5-thread)!!
Elapsed time: 0h 0m 0s
[2024-10-17 21:08:02] Start gpu-accel-nano architecture with glayer 288 (5-thread)!!
[2024-10-17 21:08:02] End gpu-accel-nano architecture with glayer 288 (5-thread)!!
Elapsed time: 0h 0m 0s
[2024-10-17 21:08:02] Start gpu-accel-nano architecture with glayer 0 (6-thread)!!
[2024-10-17 21:08:02] End gpu-accel-nano architecture with glayer 0 (6-thread)!!
Elapsed time: 0h 0m 0s
[2024-10-17 21:08:02] Start gpu-accel-nano architecture with glayer 32 (6-thread)!!
[2024-10-17 21:08:02] End gpu-accel-nano architecture with glayer 32 (6-thread)!!
Elapsed time: 0h 0m 0s
[2024-10-17 21:08:03] Start gpu-accel-nano architecture with glayer 64 (6-thread)!!
[2024-10-17 21:08:03] End gpu-accel-nano architecture with glayer 64 (6-thread)!!
Elapsed time: 0h 0m 0s
[2024-10-17 21:08:03] Start gpu-accel-nano architecture with glayer 96 (6-thread)!!
[2024-10-17 21:08:03] End gpu-accel-nano architecture with glayer 96 (6-thread)!!
Elapsed time: 0h 0m 0s
[2024-10-17 21:08:03] Start gpu-accel-nano architecture with glayer 128 (6-thread)!!
[2024-10-17 21:08:03] End gpu-accel-nano architecture with glayer 128 (6-thread)!!
Elapsed time: 0h 0m 0s
[2024-10-17 21:08:03] Start gpu-accel-nano architecture with glayer 160 (6-thread)!!
[2024-10-17 21:08:03] End gpu-accel-nano architecture with glayer 160 (6-thread)!!
Elapsed time: 0h 0m 0s
[2024-10-17 21:08:03] Start gpu-accel-nano architecture with glayer 192 (6-thread)!!
[2024-10-17 21:08:03] End gpu-accel-nano architecture with glayer 192 (6-thread)!!
Elapsed time: 0h 0m 0s
[2024-10-17 21:08:03] Start gpu-accel-nano architecture with glayer 224 (6-thread)!!
[2024-10-17 21:08:03] End gpu-accel-nano architecture with glayer 224 (6-thread)!!
Elapsed time: 0h 0m 0s
[2024-10-17 21:08:03] Start gpu-accel-nano architecture with glayer 256 (6-thread)!!
[2024-10-17 21:08:03] End gpu-accel-nano architecture with glayer 256 (6-thread)!!
Elapsed time: 0h 0m 0s
[2024-10-17 21:08:03] Start gpu-accel-nano architecture with glayer 288 (6-thread)!!
[2024-10-17 21:08:03] End gpu-accel-nano architecture with glayer 288 (6-thread)!!
Elapsed time: 0h 0m 0s
[2024-10-17 21:08:03] Start gpu-accel-nano architecture with glayer 16 (1-thread)!!
[2024-10-17 21:08:03] End gpu-accel-nano architecture with glayer 16 (1-thread)!!
Elapsed time: 0h 0m 0s
[2024-10-17 21:08:04] Start gpu-accel-nano architecture with glayer 32 (1-thread)!!
[2024-10-17 21:08:04] End gpu-accel-nano architecture with glayer 32 (1-thread)!!
Elapsed time: 0h 0m 0s
[2024-10-17 21:08:04] Start gpu-accel-nano architecture with glayer 48 (1-thread)!!
[2024-10-17 21:08:04] End gpu-accel-nano architecture with glayer 48 (1-thread)!!
Elapsed time: 0h 0m 0s
[2024-10-17 21:08:04] Start gpu-accel-nano architecture with glayer 64 (1-thread)!!
[2024-10-17 21:08:04] End gpu-accel-nano architecture with glayer 64 (1-thread)!!
Elapsed time: 0h 0m 0s
[2024-10-17 21:08:04] Start gpu-accel-nano architecture with glayer 80 (1-thread)!!
[2024-10-17 21:08:04] End gpu-accel-nano architecture with glayer 80 (1-thread)!!
Elapsed time: 0h 0m 0s
[2024-10-17 21:08:04] Start gpu-accel-nano architecture with glayer 96 (1-thread)!!
[2024-10-17 21:08:04] End gpu-accel-nano architecture with glayer 96 (1-thread)!!
Elapsed time: 0h 0m 0s
[2024-10-17 21:08:04] Start gpu-accel-nano architecture with glayer 112 (1-thread)!!
[2024-10-17 21:08:04] End gpu-accel-nano architecture with glayer 112 (1-thread)!!
Elapsed time: 0h 0m 0s
[2024-10-17 21:08:04] Start gpu-accel-nano architecture with glayer 128 (1-thread)!!
[2024-10-17 21:08:04] End gpu-accel-nano architecture with glayer 128 (1-thread)!!
Elapsed time: 0h 0m 0s
[2024-10-17 21:08:04] Start gpu-accel-nano architecture with glayer 144 (1-thread)!!
[2024-10-17 21:08:04] End gpu-accel-nano architecture with glayer 144 (1-thread)!!
Elapsed time: 0h 0m 0s
[2024-10-17 21:08:04] Start gpu-accel-nano architecture with glayer 160 (1-thread)!!
[2024-10-17 21:08:04] End gpu-accel-nano architecture with glayer 160 (1-thread)!!
Elapsed time: 0h 0m 0s
[2024-10-17 21:08:05] Start gpu-accel-nano architecture with glayer 176 (1-thread)!!
[2024-10-17 21:08:05] End gpu-accel-nano architecture with glayer 176 (1-thread)!!
Elapsed time: 0h 0m 0s
[2024-10-17 21:08:05] Start gpu-accel-nano architecture with glayer 192 (1-thread)!!
[2024-10-17 21:08:05] End gpu-accel-nano architecture with glayer 192 (1-thread)!!
Elapsed time: 0h 0m 0s
[2024-10-17 21:08:05] Start gpu-accel-nano architecture with glayer 208 (1-thread)!!
[2024-10-17 21:08:05] End gpu-accel-nano architecture with glayer 208 (1-thread)!!
Elapsed time: 0h 0m 0s
[2024-10-17 21:08:05] Start gpu-accel-nano architecture with glayer 224 (1-thread)!!
[2024-10-17 21:08:05] End gpu-accel-nano architecture with glayer 224 (1-thread)!!
Elapsed time: 0h 0m 0s
[2024-10-17 21:08:05] Start gpu-accel-nano architecture with glayer 240 (1-thread)!!
[2024-10-17 21:08:05] End gpu-accel-nano architecture with glayer 240 (1-thread)!!
Elapsed time: 0h 0m 0s
[2024-10-17 21:08:05] Start gpu-accel-nano architecture with glayer 256 (1-thread)!!
[2024-10-17 21:08:05] End gpu-accel-nano architecture with glayer 256 (1-thread)!!
Elapsed time: 0h 0m 0s
[2024-10-17 21:08:05] Start gpu-accel-nano architecture with glayer 272 (1-thread)!!
[2024-10-17 21:08:05] End gpu-accel-nano architecture with glayer 272 (1-thread)!!
Elapsed time: 0h 0m 0s
[2024-10-17 21:08:05] Start gpu-accel-nano architecture with glayer 288 (1-thread)!!
[2024-10-17 21:08:05] End gpu-accel-nano architecture with glayer 288 (1-thread)!!
Elapsed time: 0h 0m 0s
[2024-10-17 21:08:05] Start gpu-accel-nano architecture with glayer 304 (1-thread)!!
[2024-10-17 21:08:05] End gpu-accel-nano architecture with glayer 304 (1-thread)!!
Elapsed time: 0h 0m 0s
[2024-10-17 21:08:06] Start gpu-accel-nano architecture with glayer 0 (2-thread)!!
[2024-10-17 21:08:06] End gpu-accel-nano architecture with glayer 0 (2-thread)!!
Elapsed time: 0h 0m 0s
[2024-10-17 21:08:06] Start gpu-accel-nano architecture with glayer 16 (2-thread)!!
[2024-10-17 21:08:06] End gpu-accel-nano architecture with glayer 16 (2-thread)!!
Elapsed time: 0h 0m 0s
[2024-10-17 21:08:06] Start gpu-accel-nano architecture with glayer 32 (2-thread)!!
[2024-10-17 21:08:06] End gpu-accel-nano architecture with glayer 32 (2-thread)!!
Elapsed time: 0h 0m 0s
[2024-10-17 21:08:06] Start gpu-accel-nano architecture with glayer 48 (2-thread)!!
[2024-10-17 21:08:06] End gpu-accel-nano architecture with glayer 48 (2-thread)!!
Elapsed time: 0h 0m 0s
[2024-10-17 21:08:06] Start gpu-accel-nano architecture with glayer 64 (2-thread)!!
[2024-10-17 21:08:06] End gpu-accel-nano architecture with glayer 64 (2-thread)!!
Elapsed time: 0h 0m 0s
[2024-10-17 21:08:06] Start gpu-accel-nano architecture with glayer 80 (2-thread)!!
[2024-10-17 21:08:06] End gpu-accel-nano architecture with glayer 80 (2-thread)!!
Elapsed time: 0h 0m 0s
[2024-10-17 21:08:06] Start gpu-accel-nano architecture with glayer 96 (2-thread)!!
[2024-10-17 21:08:06] End gpu-accel-nano architecture with glayer 96 (2-thread)!!
Elapsed time: 0h 0m 0s
[2024-10-17 21:08:06] Start gpu-accel-nano architecture with glayer 112 (2-thread)!!
[2024-10-17 21:08:06] End gpu-accel-nano architecture with glayer 112 (2-thread)!!
Elapsed time: 0h 0m 0s
[2024-10-17 21:08:06] Start gpu-accel-nano architecture with glayer 128 (2-thread)!!
[2024-10-17 21:08:06] End gpu-accel-nano architecture with glayer 128 (2-thread)!!
Elapsed time: 0h 0m 0s
[2024-10-17 21:08:07] Start gpu-accel-nano architecture with glayer 144 (2-thread)!!
[2024-10-17 21:08:07] End gpu-accel-nano architecture with glayer 144 (2-thread)!!
Elapsed time: 0h 0m 0s
[2024-10-17 21:08:07] Start gpu-accel-nano architecture with glayer 160 (2-thread)!!
[2024-10-17 21:08:07] End gpu-accel-nano architecture with glayer 160 (2-thread)!!
Elapsed time: 0h 0m 0s
[2024-10-17 21:08:07] Start gpu-accel-nano architecture with glayer 176 (2-thread)!!
[2024-10-17 21:08:07] End gpu-accel-nano architecture with glayer 176 (2-thread)!!
Elapsed time: 0h 0m 0s
[2024-10-17 21:08:07] Start gpu-accel-nano architecture with glayer 192 (2-thread)!!
[2024-10-17 21:08:07] End gpu-accel-nano architecture with glayer 192 (2-thread)!!
Elapsed time: 0h 0m 0s
[2024-10-17 21:08:07] Start gpu-accel-nano architecture with glayer 208 (2-thread)!!
[2024-10-17 21:08:07] End gpu-accel-nano architecture with glayer 208 (2-thread)!!
Elapsed time: 0h 0m 0s
[2024-10-17 21:08:07] Start gpu-accel-nano architecture with glayer 224 (2-thread)!!
[2024-10-17 21:08:07] End gpu-accel-nano architecture with glayer 224 (2-thread)!!
Elapsed time: 0h 0m 0s
[2024-10-17 21:08:07] Start gpu-accel-nano architecture with glayer 240 (2-thread)!!
[2024-10-17 21:08:07] End gpu-accel-nano architecture with glayer 240 (2-thread)!!
Elapsed time: 0h 0m 0s
[2024-10-17 21:08:07] Start gpu-accel-nano architecture with glayer 256 (2-thread)!!
[2024-10-17 21:08:07] End gpu-accel-nano architecture with glayer 256 (2-thread)!!
Elapsed time: 0h 0m 0s
[2024-10-17 21:08:07] Start gpu-accel-nano architecture with glayer 272 (2-thread)!!
[2024-10-17 21:08:07] End gpu-accel-nano architecture with glayer 272 (2-thread)!!
Elapsed time: 0h 0m 0s
[2024-10-17 21:08:07] Start gpu-accel-nano architecture with glayer 288 (2-thread)!!
[2024-10-17 21:08:07] End gpu-accel-nano architecture with glayer 288 (2-thread)!!
Elapsed time: 0h 0m 0s
[2024-10-17 21:08:08] Start gpu-accel-nano architecture with glayer 304 (2-thread)!!
[2024-10-17 21:08:08] End gpu-accel-nano architecture with glayer 304 (2-thread)!!
Elapsed time: 0h 0m 0s
[2024-10-17 21:08:08] Start gpu-accel-nano architecture with glayer 0 (3-thread)!!
[2024-10-17 21:08:08] End gpu-accel-nano architecture with glayer 0 (3-thread)!!
Elapsed time: 0h 0m 0s
[2024-10-17 21:08:08] Start gpu-accel-nano architecture with glayer 16 (3-thread)!!
[2024-10-17 21:08:08] End gpu-accel-nano architecture with glayer 16 (3-thread)!!
Elapsed time: 0h 0m 0s
[2024-10-17 21:08:08] Start gpu-accel-nano architecture with glayer 32 (3-thread)!!
[2024-10-17 21:08:08] End gpu-accel-nano architecture with glayer 32 (3-thread)!!
Elapsed time: 0h 0m 0s
[2024-10-17 21:08:08] Start gpu-accel-nano architecture with glayer 48 (3-thread)!!
[2024-10-17 21:08:08] End gpu-accel-nano architecture with glayer 48 (3-thread)!!
Elapsed time: 0h 0m 0s
[2024-10-17 21:08:08] Start gpu-accel-nano architecture with glayer 64 (3-thread)!!
[2024-10-17 21:08:08] End gpu-accel-nano architecture with glayer 64 (3-thread)!!
Elapsed time: 0h 0m 0s
[2024-10-17 21:08:08] Start gpu-accel-nano architecture with glayer 80 (3-thread)!!
[2024-10-17 21:08:08] End gpu-accel-nano architecture with glayer 80 (3-thread)!!
Elapsed time: 0h 0m 0s
[2024-10-17 21:08:08] Start gpu-accel-nano architecture with glayer 96 (3-thread)!!
[2024-10-17 21:08:08] End gpu-accel-nano architecture with glayer 96 (3-thread)!!
Elapsed time: 0h 0m 0s
[2024-10-17 21:08:08] Start gpu-accel-nano architecture with glayer 112 (3-thread)!!
[2024-10-17 21:08:08] End gpu-accel-nano architecture with glayer 112 (3-thread)!!
Elapsed time: 0h 0m 0s
[2024-10-17 21:08:09] Start gpu-accel-nano architecture with glayer 128 (3-thread)!!
[2024-10-17 21:08:09] End gpu-accel-nano architecture with glayer 128 (3-thread)!!
Elapsed time: 0h 0m 0s
[2024-10-17 21:08:09] Start gpu-accel-nano architecture with glayer 144 (3-thread)!!
[2024-10-17 21:08:09] End gpu-accel-nano architecture with glayer 144 (3-thread)!!
Elapsed time: 0h 0m 0s
[2024-10-17 21:08:09] Start gpu-accel-nano architecture with glayer 160 (3-thread)!!
[2024-10-17 21:08:09] End gpu-accel-nano architecture with glayer 160 (3-thread)!!
Elapsed time: 0h 0m 0s
[2024-10-17 21:08:09] Start gpu-accel-nano architecture with glayer 176 (3-thread)!!
[2024-10-17 21:08:09] End gpu-accel-nano architecture with glayer 176 (3-thread)!!
Elapsed time: 0h 0m 0s
[2024-10-17 21:08:09] Start gpu-accel-nano architecture with glayer 192 (3-thread)!!
[2024-10-17 21:08:09] End gpu-accel-nano architecture with glayer 192 (3-thread)!!
Elapsed time: 0h 0m 0s
[2024-10-17 21:08:09] Start gpu-accel-nano architecture with glayer 208 (3-thread)!!
[2024-10-17 21:08:09] End gpu-accel-nano architecture with glayer 208 (3-thread)!!
Elapsed time: 0h 0m 0s
[2024-10-17 21:08:09] Start gpu-accel-nano architecture with glayer 224 (3-thread)!!
[2024-10-17 21:08:09] End gpu-accel-nano architecture with glayer 224 (3-thread)!!
Elapsed time: 0h 0m 0s
[2024-10-17 21:08:09] Start gpu-accel-nano architecture with glayer 240 (3-thread)!!
[2024-10-17 21:08:09] End gpu-accel-nano architecture with glayer 240 (3-thread)!!
Elapsed time: 0h 0m 0s
[2024-10-17 21:08:09] Start gpu-accel-nano architecture with glayer 256 (3-thread)!!
[2024-10-17 21:08:09] End gpu-accel-nano architecture with glayer 256 (3-thread)!!
Elapsed time: 0h 0m 0s
[2024-10-17 21:08:10] Start gpu-accel-nano architecture with glayer 272 (3-thread)!!
[2024-10-17 21:08:10] End gpu-accel-nano architecture with glayer 272 (3-thread)!!
Elapsed time: 0h 0m 0s
[2024-10-17 21:08:10] Start gpu-accel-nano architecture with glayer 288 (3-thread)!!
[2024-10-17 21:08:10] End gpu-accel-nano architecture with glayer 288 (3-thread)!!
Elapsed time: 0h 0m 0s
[2024-10-17 21:08:10] Start gpu-accel-nano architecture with glayer 304 (3-thread)!!
[2024-10-17 21:08:10] End gpu-accel-nano architecture with glayer 304 (3-thread)!!
Elapsed time: 0h 0m 0s
[2024-10-17 21:08:10] Start gpu-accel-nano architecture with glayer 0 (4-thread)!!
[2024-10-17 21:08:10] End gpu-accel-nano architecture with glayer 0 (4-thread)!!
Elapsed time: 0h 0m 0s
[2024-10-17 21:08:10] Start gpu-accel-nano architecture with glayer 16 (4-thread)!!
[2024-10-17 21:08:10] End gpu-accel-nano architecture with glayer 16 (4-thread)!!
Elapsed time: 0h 0m 0s
[2024-10-17 21:08:10] Start gpu-accel-nano architecture with glayer 32 (4-thread)!!
[2024-10-17 21:08:10] End gpu-accel-nano architecture with glayer 32 (4-thread)!!
Elapsed time: 0h 0m 0s
[2024-10-17 21:08:10] Start gpu-accel-nano architecture with glayer 48 (4-thread)!!
[2024-10-17 21:08:10] End gpu-accel-nano architecture with glayer 48 (4-thread)!!
Elapsed time: 0h 0m 0s
[2024-10-17 21:08:10] Start gpu-accel-nano architecture with glayer 64 (4-thread)!!
[2024-10-17 21:08:10] End gpu-accel-nano architecture with glayer 64 (4-thread)!!
Elapsed time: 0h 0m 0s
[2024-10-17 21:08:10] Start gpu-accel-nano architecture with glayer 80 (4-thread)!!
[2024-10-17 21:08:10] End gpu-accel-nano architecture with glayer 80 (4-thread)!!
Elapsed time: 0h 0m 0s
[2024-10-17 21:08:11] Start gpu-accel-nano architecture with glayer 96 (4-thread)!!
[2024-10-17 21:08:11] End gpu-accel-nano architecture with glayer 96 (4-thread)!!
Elapsed time: 0h 0m 0s
[2024-10-17 21:08:11] Start gpu-accel-nano architecture with glayer 112 (4-thread)!!
[2024-10-17 21:08:11] End gpu-accel-nano architecture with glayer 112 (4-thread)!!
Elapsed time: 0h 0m 0s
[2024-10-17 21:08:11] Start gpu-accel-nano architecture with glayer 128 (4-thread)!!
[2024-10-17 21:08:11] End gpu-accel-nano architecture with glayer 128 (4-thread)!!
Elapsed time: 0h 0m 0s
[2024-10-17 21:08:11] Start gpu-accel-nano architecture with glayer 144 (4-thread)!!
[2024-10-17 21:08:11] End gpu-accel-nano architecture with glayer 144 (4-thread)!!
Elapsed time: 0h 0m 0s
[2024-10-17 21:08:11] Start gpu-accel-nano architecture with glayer 160 (4-thread)!!
[2024-10-17 21:08:11] End gpu-accel-nano architecture with glayer 160 (4-thread)!!
Elapsed time: 0h 0m 0s
[2024-10-17 21:08:11] Start gpu-accel-nano architecture with glayer 176 (4-thread)!!
[2024-10-17 21:08:11] End gpu-accel-nano architecture with glayer 176 (4-thread)!!
Elapsed time: 0h 0m 0s
[2024-10-17 21:08:11] Start gpu-accel-nano architecture with glayer 192 (4-thread)!!
[2024-10-17 21:08:11] End gpu-accel-nano architecture with glayer 192 (4-thread)!!
Elapsed time: 0h 0m 0s
[2024-10-17 21:08:11] Start gpu-accel-nano architecture with glayer 208 (4-thread)!!
[2024-10-17 21:08:11] End gpu-accel-nano architecture with glayer 208 (4-thread)!!
Elapsed time: 0h 0m 0s
[2024-10-17 21:08:11] Start gpu-accel-nano architecture with glayer 224 (4-thread)!!
[2024-10-17 21:08:11] End gpu-accel-nano architecture with glayer 224 (4-thread)!!
Elapsed time: 0h 0m 0s
[2024-10-17 21:08:12] Start gpu-accel-nano architecture with glayer 240 (4-thread)!!
[2024-10-17 21:08:12] End gpu-accel-nano architecture with glayer 240 (4-thread)!!
Elapsed time: 0h 0m 0s
[2024-10-17 21:08:12] Start gpu-accel-nano architecture with glayer 256 (4-thread)!!
[2024-10-17 21:08:12] End gpu-accel-nano architecture with glayer 256 (4-thread)!!
Elapsed time: 0h 0m 0s
[2024-10-17 21:08:12] Start gpu-accel-nano architecture with glayer 272 (4-thread)!!
[2024-10-17 21:08:12] End gpu-accel-nano architecture with glayer 272 (4-thread)!!
Elapsed time: 0h 0m 0s
[2024-10-17 21:08:12] Start gpu-accel-nano architecture with glayer 288 (4-thread)!!
[2024-10-17 21:08:12] End gpu-accel-nano architecture with glayer 288 (4-thread)!!
Elapsed time: 0h 0m 0s
[2024-10-17 21:08:12] Start gpu-accel-nano architecture with glayer 304 (4-thread)!!
[2024-10-17 21:08:12] End gpu-accel-nano architecture with glayer 304 (4-thread)!!
Elapsed time: 0h 0m 0s
[2024-10-17 21:08:12] Start gpu-accel-nano architecture with glayer 0 (5-thread)!!
[2024-10-17 21:08:12] End gpu-accel-nano architecture with glayer 0 (5-thread)!!
Elapsed time: 0h 0m 0s
[2024-10-17 21:08:12] Start gpu-accel-nano architecture with glayer 16 (5-thread)!!
[2024-10-17 21:08:12] End gpu-accel-nano architecture with glayer 16 (5-thread)!!
Elapsed time: 0h 0m 0s
[2024-10-17 21:08:12] Start gpu-accel-nano architecture with glayer 32 (5-thread)!!
[2024-10-17 21:08:12] End gpu-accel-nano architecture with glayer 32 (5-thread)!!
Elapsed time: 0h 0m 0s
[2024-10-17 21:08:12] Start gpu-accel-nano architecture with glayer 48 (5-thread)!!
[2024-10-17 21:08:12] End gpu-accel-nano architecture with glayer 48 (5-thread)!!
Elapsed time: 0h 0m 0s
[2024-10-17 21:08:13] Start gpu-accel-nano architecture with glayer 64 (5-thread)!!
[2024-10-17 21:08:13] End gpu-accel-nano architecture with glayer 64 (5-thread)!!
Elapsed time: 0h 0m 0s
[2024-10-17 21:08:13] Start gpu-accel-nano architecture with glayer 80 (5-thread)!!
[2024-10-17 21:08:13] End gpu-accel-nano architecture with glayer 80 (5-thread)!!
Elapsed time: 0h 0m 0s
[2024-10-17 21:08:13] Start gpu-accel-nano architecture with glayer 96 (5-thread)!!
[2024-10-17 21:08:13] End gpu-accel-nano architecture with glayer 96 (5-thread)!!
Elapsed time: 0h 0m 0s
[2024-10-17 21:08:13] Start gpu-accel-nano architecture with glayer 112 (5-thread)!!
[2024-10-17 21:08:13] End gpu-accel-nano architecture with glayer 112 (5-thread)!!
Elapsed time: 0h 0m 0s
[2024-10-17 21:08:13] Start gpu-accel-nano architecture with glayer 128 (5-thread)!!
[2024-10-17 21:08:13] End gpu-accel-nano architecture with glayer 128 (5-thread)!!
Elapsed time: 0h 0m 0s
[2024-10-17 21:08:13] Start gpu-accel-nano architecture with glayer 144 (5-thread)!!
[2024-10-17 21:08:13] End gpu-accel-nano architecture with glayer 144 (5-thread)!!
Elapsed time: 0h 0m 0s
[2024-10-17 21:08:13] Start gpu-accel-nano architecture with glayer 160 (5-thread)!!
[2024-10-17 21:08:13] End gpu-accel-nano architecture with glayer 160 (5-thread)!!
Elapsed time: 0h 0m 0s
[2024-10-17 21:08:13] Start gpu-accel-nano architecture with glayer 176 (5-thread)!!
[2024-10-17 21:08:13] End gpu-accel-nano architecture with glayer 176 (5-thread)!!
Elapsed time: 0h 0m 0s
[2024-10-17 21:08:13] Start gpu-accel-nano architecture with glayer 192 (5-thread)!!
[2024-10-17 21:08:13] End gpu-accel-nano architecture with glayer 192 (5-thread)!!
Elapsed time: 0h 0m 0s
[2024-10-17 21:08:14] Start gpu-accel-nano architecture with glayer 208 (5-thread)!!
[2024-10-17 21:08:14] End gpu-accel-nano architecture with glayer 208 (5-thread)!!
Elapsed time: 0h 0m 0s
[2024-10-17 21:08:14] Start gpu-accel-nano architecture with glayer 224 (5-thread)!!
[2024-10-17 21:08:14] End gpu-accel-nano architecture with glayer 224 (5-thread)!!
Elapsed time: 0h 0m 0s
[2024-10-17 21:08:14] Start gpu-accel-nano architecture with glayer 240 (5-thread)!!
[2024-10-17 21:08:14] End gpu-accel-nano architecture with glayer 240 (5-thread)!!
Elapsed time: 0h 0m 0s
[2024-10-17 21:08:14] Start gpu-accel-nano architecture with glayer 256 (5-thread)!!
[2024-10-17 21:08:14] End gpu-accel-nano architecture with glayer 256 (5-thread)!!
Elapsed time: 0h 0m 0s
[2024-10-17 21:08:14] Start gpu-accel-nano architecture with glayer 272 (5-thread)!!
[2024-10-17 21:08:14] End gpu-accel-nano architecture with glayer 272 (5-thread)!!
Elapsed time: 0h 0m 0s
[2024-10-17 21:08:14] Start gpu-accel-nano architecture with glayer 288 (5-thread)!!
[2024-10-17 21:08:14] End gpu-accel-nano architecture with glayer 288 (5-thread)!!
Elapsed time: 0h 0m 0s
[2024-10-17 21:08:14] Start gpu-accel-nano architecture with glayer 304 (5-thread)!!
[2024-10-17 21:08:14] End gpu-accel-nano architecture with glayer 304 (5-thread)!!
Elapsed time: 0h 0m 0s
[2024-10-17 21:08:14] Start gpu-accel-nano architecture with glayer 0 (6-thread)!!
[2024-10-17 21:08:14] End gpu-accel-nano architecture with glayer 0 (6-thread)!!
Elapsed time: 0h 0m 0s
[2024-10-17 21:08:14] Start gpu-accel-nano architecture with glayer 16 (6-thread)!!
[2024-10-17 21:08:14] End gpu-accel-nano architecture with glayer 16 (6-thread)!!
Elapsed time: 0h 0m 0s
[2024-10-17 21:08:15] Start gpu-accel-nano architecture with glayer 32 (6-thread)!!
[2024-10-17 21:08:15] End gpu-accel-nano architecture with glayer 32 (6-thread)!!
Elapsed time: 0h 0m 0s
[2024-10-17 21:08:15] Start gpu-accel-nano architecture with glayer 48 (6-thread)!!
[2024-10-17 21:08:15] End gpu-accel-nano architecture with glayer 48 (6-thread)!!
Elapsed time: 0h 0m 0s
[2024-10-17 21:08:15] Start gpu-accel-nano architecture with glayer 64 (6-thread)!!
[2024-10-17 21:08:15] End gpu-accel-nano architecture with glayer 64 (6-thread)!!
Elapsed time: 0h 0m 0s
[2024-10-17 21:08:15] Start gpu-accel-nano architecture with glayer 80 (6-thread)!!
[2024-10-17 21:08:15] End gpu-accel-nano architecture with glayer 80 (6-thread)!!
Elapsed time: 0h 0m 0s
[2024-10-17 21:08:15] Start gpu-accel-nano architecture with glayer 96 (6-thread)!!
[2024-10-17 21:08:15] End gpu-accel-nano architecture with glayer 96 (6-thread)!!
Elapsed time: 0h 0m 0s
[2024-10-17 21:08:15] Start gpu-accel-nano architecture with glayer 112 (6-thread)!!
[2024-10-17 21:08:15] End gpu-accel-nano architecture with glayer 112 (6-thread)!!
Elapsed time: 0h 0m 0s
[2024-10-17 21:08:15] Start gpu-accel-nano architecture with glayer 128 (6-thread)!!
[2024-10-17 21:08:15] End gpu-accel-nano architecture with glayer 128 (6-thread)!!
Elapsed time: 0h 0m 0s
[2024-10-17 21:08:15] Start gpu-accel-nano architecture with glayer 144 (6-thread)!!
[2024-10-17 21:08:15] End gpu-accel-nano architecture with glayer 144 (6-thread)!!
Elapsed time: 0h 0m 0s
[2024-10-17 21:08:15] Start gpu-accel-nano architecture with glayer 160 (6-thread)!!
[2024-10-17 21:08:15] End gpu-accel-nano architecture with glayer 160 (6-thread)!!
Elapsed time: 0h 0m 0s
[2024-10-17 21:08:16] Start gpu-accel-nano architecture with glayer 176 (6-thread)!!
[2024-10-17 21:08:16] End gpu-accel-nano architecture with glayer 176 (6-thread)!!
Elapsed time: 0h 0m 0s
[2024-10-17 21:08:16] Start gpu-accel-nano architecture with glayer 192 (6-thread)!!
[2024-10-17 21:08:16] End gpu-accel-nano architecture with glayer 192 (6-thread)!!
Elapsed time: 0h 0m 0s
[2024-10-17 21:08:16] Start gpu-accel-nano architecture with glayer 208 (6-thread)!!
[2024-10-17 21:08:16] End gpu-accel-nano architecture with glayer 208 (6-thread)!!
Elapsed time: 0h 0m 0s
[2024-10-17 21:08:16] Start gpu-accel-nano architecture with glayer 224 (6-thread)!!
[2024-10-17 21:08:16] End gpu-accel-nano architecture with glayer 224 (6-thread)!!
Elapsed time: 0h 0m 0s
[2024-10-17 21:08:16] Start gpu-accel-nano architecture with glayer 240 (6-thread)!!
[2024-10-17 21:08:16] End gpu-accel-nano architecture with glayer 240 (6-thread)!!
Elapsed time: 0h 0m 0s
[2024-10-17 21:08:16] Start gpu-accel-nano architecture with glayer 256 (6-thread)!!
[2024-10-17 21:08:16] End gpu-accel-nano architecture with glayer 256 (6-thread)!!
Elapsed time: 0h 0m 0s
[2024-10-17 21:08:16] Start gpu-accel-nano architecture with glayer 272 (6-thread)!!
[2024-10-17 21:08:16] End gpu-accel-nano architecture with glayer 272 (6-thread)!!
Elapsed time: 0h 0m 0s
[2024-10-17 21:08:16] Start gpu-accel-nano architecture with glayer 288 (6-thread)!!
[2024-10-17 21:08:16] End gpu-accel-nano architecture with glayer 288 (6-thread)!!
Elapsed time: 0h 0m 0s
[2024-10-17 21:08:16] Start gpu-accel-nano architecture with glayer 304 (6-thread)!!
[2024-10-17 21:08:16] End gpu-accel-nano architecture with glayer 304 (6-thread)!!
Elapsed time: 0h 0m 0s
[2024-10-17 21:08:17] Start gpu-accel-nano architecture with glayer 8 (1-thread)!!
[2024-10-17 21:08:17] End gpu-accel-nano architecture with glayer 8 (1-thread)!!
Elapsed time: 0h 0m 0s
[2024-10-17 21:08:17] Start gpu-accel-nano architecture with glayer 16 (1-thread)!!
[2024-10-17 21:08:17] End gpu-accel-nano architecture with glayer 16 (1-thread)!!
Elapsed time: 0h 0m 0s
[2024-10-17 21:08:17] Start gpu-accel-nano architecture with glayer 24 (1-thread)!!
[2024-10-17 21:08:17] End gpu-accel-nano architecture with glayer 24 (1-thread)!!
Elapsed time: 0h 0m 0s
[2024-10-17 21:08:17] Start gpu-accel-nano architecture with glayer 32 (1-thread)!!
[2024-10-17 21:08:17] End gpu-accel-nano architecture with glayer 32 (1-thread)!!
Elapsed time: 0h 0m 0s
[2024-10-17 21:08:17] Start gpu-accel-nano architecture with glayer 40 (1-thread)!!
[2024-10-17 21:08:17] End gpu-accel-nano architecture with glayer 40 (1-thread)!!
Elapsed time: 0h 0m 0s
[2024-10-17 21:08:17] Start gpu-accel-nano architecture with glayer 48 (1-thread)!!
[2024-10-17 21:08:17] End gpu-accel-nano architecture with glayer 48 (1-thread)!!
Elapsed time: 0h 0m 0s
[2024-10-17 21:08:17] Start gpu-accel-nano architecture with glayer 56 (1-thread)!!
[2024-10-17 21:08:17] End gpu-accel-nano architecture with glayer 56 (1-thread)!!
Elapsed time: 0h 0m 0s
[2024-10-17 21:08:17] Start gpu-accel-nano architecture with glayer 64 (1-thread)!!
[2024-10-17 21:08:17] End gpu-accel-nano architecture with glayer 64 (1-thread)!!
Elapsed time: 0h 0m 0s
[2024-10-17 21:08:17] Start gpu-accel-nano architecture with glayer 72 (1-thread)!!
[2024-10-17 21:08:17] End gpu-accel-nano architecture with glayer 72 (1-thread)!!
Elapsed time: 0h 0m 0s
[2024-10-17 21:08:18] Start gpu-accel-nano architecture with glayer 80 (1-thread)!!
[2024-10-17 21:08:18] End gpu-accel-nano architecture with glayer 80 (1-thread)!!
Elapsed time: 0h 0m 0s
[2024-10-17 21:08:18] Start gpu-accel-nano architecture with glayer 88 (1-thread)!!
[2024-10-17 21:08:18] End gpu-accel-nano architecture with glayer 88 (1-thread)!!
Elapsed time: 0h 0m 0s
[2024-10-17 21:08:18] Start gpu-accel-nano architecture with glayer 96 (1-thread)!!
[2024-10-17 21:08:18] End gpu-accel-nano architecture with glayer 96 (1-thread)!!
Elapsed time: 0h 0m 0s
[2024-10-17 21:08:18] Start gpu-accel-nano architecture with glayer 104 (1-thread)!!
[2024-10-17 21:08:18] End gpu-accel-nano architecture with glayer 104 (1-thread)!!
Elapsed time: 0h 0m 0s
[2024-10-17 21:08:18] Start gpu-accel-nano architecture with glayer 112 (1-thread)!!
[2024-10-17 21:08:18] End gpu-accel-nano architecture with glayer 112 (1-thread)!!
Elapsed time: 0h 0m 0s
[2024-10-17 21:08:18] Start gpu-accel-nano architecture with glayer 120 (1-thread)!!
[2024-10-17 21:08:18] End gpu-accel-nano architecture with glayer 120 (1-thread)!!
Elapsed time: 0h 0m 0s
[2024-10-17 21:08:18] Start gpu-accel-nano architecture with glayer 128 (1-thread)!!
[2024-10-17 21:08:18] End gpu-accel-nano architecture with glayer 128 (1-thread)!!
Elapsed time: 0h 0m 0s
[2024-10-17 21:08:18] Start gpu-accel-nano architecture with glayer 136 (1-thread)!!
[2024-10-17 21:08:18] End gpu-accel-nano architecture with glayer 136 (1-thread)!!
Elapsed time: 0h 0m 0s
[2024-10-17 21:08:18] Start gpu-accel-nano architecture with glayer 144 (1-thread)!!
[2024-10-17 21:08:18] End gpu-accel-nano architecture with glayer 144 (1-thread)!!
Elapsed time: 0h 0m 0s
[2024-10-17 21:08:19] Start gpu-accel-nano architecture with glayer 152 (1-thread)!!
[2024-10-17 21:08:19] End gpu-accel-nano architecture with glayer 152 (1-thread)!!
Elapsed time: 0h 0m 0s
[2024-10-17 21:08:19] Start gpu-accel-nano architecture with glayer 160 (1-thread)!!
[2024-10-17 21:08:19] End gpu-accel-nano architecture with glayer 160 (1-thread)!!
Elapsed time: 0h 0m 0s
[2024-10-17 21:08:19] Start gpu-accel-nano architecture with glayer 168 (1-thread)!!
[2024-10-17 21:08:19] End gpu-accel-nano architecture with glayer 168 (1-thread)!!
Elapsed time: 0h 0m 0s
[2024-10-17 21:08:19] Start gpu-accel-nano architecture with glayer 176 (1-thread)!!
[2024-10-17 21:08:19] End gpu-accel-nano architecture with glayer 176 (1-thread)!!
Elapsed time: 0h 0m 0s
[2024-10-17 21:08:19] Start gpu-accel-nano architecture with glayer 184 (1-thread)!!
[2024-10-17 21:08:19] End gpu-accel-nano architecture with glayer 184 (1-thread)!!
Elapsed time: 0h 0m 0s
[2024-10-17 21:08:19] Start gpu-accel-nano architecture with glayer 192 (1-thread)!!
[2024-10-17 21:08:19] End gpu-accel-nano architecture with glayer 192 (1-thread)!!
Elapsed time: 0h 0m 0s
[2024-10-17 21:08:19] Start gpu-accel-nano architecture with glayer 200 (1-thread)!!
[2024-10-17 21:08:19] End gpu-accel-nano architecture with glayer 200 (1-thread)!!
Elapsed time: 0h 0m 0s
[2024-10-17 21:08:19] Start gpu-accel-nano architecture with glayer 208 (1-thread)!!
[2024-10-17 21:08:19] End gpu-accel-nano architecture with glayer 208 (1-thread)!!
Elapsed time: 0h 0m 0s
[2024-10-17 21:08:19] Start gpu-accel-nano architecture with glayer 216 (1-thread)!!
[2024-10-17 21:08:19] End gpu-accel-nano architecture with glayer 216 (1-thread)!!
Elapsed time: 0h 0m 0s
[2024-10-17 21:08:20] Start gpu-accel-nano architecture with glayer 224 (1-thread)!!
[2024-10-17 21:08:20] End gpu-accel-nano architecture with glayer 224 (1-thread)!!
Elapsed time: 0h 0m 0s
[2024-10-17 21:08:20] Start gpu-accel-nano architecture with glayer 232 (1-thread)!!
[2024-10-17 21:08:20] End gpu-accel-nano architecture with glayer 232 (1-thread)!!
Elapsed time: 0h 0m 0s
[2024-10-17 21:08:20] Start gpu-accel-nano architecture with glayer 240 (1-thread)!!
[2024-10-17 21:08:20] End gpu-accel-nano architecture with glayer 240 (1-thread)!!
Elapsed time: 0h 0m 0s
[2024-10-17 21:08:20] Start gpu-accel-nano architecture with glayer 248 (1-thread)!!
[2024-10-17 21:08:20] End gpu-accel-nano architecture with glayer 248 (1-thread)!!
Elapsed time: 0h 0m 0s
[2024-10-17 21:08:20] Start gpu-accel-nano architecture with glayer 256 (1-thread)!!
[2024-10-17 21:08:20] End gpu-accel-nano architecture with glayer 256 (1-thread)!!
Elapsed time: 0h 0m 0s
[2024-10-17 21:08:20] Start gpu-accel-nano architecture with glayer 264 (1-thread)!!
[2024-10-17 21:08:20] End gpu-accel-nano architecture with glayer 264 (1-thread)!!
Elapsed time: 0h 0m 0s
[2024-10-17 21:08:20] Start gpu-accel-nano architecture with glayer 272 (1-thread)!!
[2024-10-17 21:08:20] End gpu-accel-nano architecture with glayer 272 (1-thread)!!
Elapsed time: 0h 0m 0s
[2024-10-17 21:08:20] Start gpu-accel-nano architecture with glayer 280 (1-thread)!!
[2024-10-17 21:08:20] End gpu-accel-nano architecture with glayer 280 (1-thread)!!
Elapsed time: 0h 0m 0s
[2024-10-17 21:08:20] Start gpu-accel-nano architecture with glayer 288 (1-thread)!!
[2024-10-17 21:08:20] End gpu-accel-nano architecture with glayer 288 (1-thread)!!
Elapsed time: 0h 0m 0s
[2024-10-17 21:08:21] Start gpu-accel-nano architecture with glayer 296 (1-thread)!!
[2024-10-17 21:08:21] End gpu-accel-nano architecture with glayer 296 (1-thread)!!
Elapsed time: 0h 0m 0s
[2024-10-17 21:08:21] Start gpu-accel-nano architecture with glayer 304 (1-thread)!!
[2024-10-17 21:08:21] End gpu-accel-nano architecture with glayer 304 (1-thread)!!
Elapsed time: 0h 0m 0s
[2024-10-17 21:08:21] Start gpu-accel-nano architecture with glayer 0 (2-thread)!!
[2024-10-17 21:08:21] End gpu-accel-nano architecture with glayer 0 (2-thread)!!
Elapsed time: 0h 0m 0s
[2024-10-17 21:08:21] Start gpu-accel-nano architecture with glayer 8 (2-thread)!!
[2024-10-17 21:08:21] End gpu-accel-nano architecture with glayer 8 (2-thread)!!
Elapsed time: 0h 0m 0s
[2024-10-17 21:08:21] Start gpu-accel-nano architecture with glayer 16 (2-thread)!!
[2024-10-17 21:08:21] End gpu-accel-nano architecture with glayer 16 (2-thread)!!
Elapsed time: 0h 0m 0s
[2024-10-17 21:08:21] Start gpu-accel-nano architecture with glayer 24 (2-thread)!!
[2024-10-17 21:08:21] End gpu-accel-nano architecture with glayer 24 (2-thread)!!
Elapsed time: 0h 0m 0s
[2024-10-17 21:08:21] Start gpu-accel-nano architecture with glayer 32 (2-thread)!!
[2024-10-17 21:08:21] End gpu-accel-nano architecture with glayer 32 (2-thread)!!
Elapsed time: 0h 0m 0s
[2024-10-17 21:08:21] Start gpu-accel-nano architecture with glayer 40 (2-thread)!!
[2024-10-17 21:08:21] End gpu-accel-nano architecture with glayer 40 (2-thread)!!
Elapsed time: 0h 0m 0s
[2024-10-17 21:08:21] Start gpu-accel-nano architecture with glayer 48 (2-thread)!!
[2024-10-17 21:08:21] End gpu-accel-nano architecture with glayer 48 (2-thread)!!
Elapsed time: 0h 0m 0s
[2024-10-17 21:08:22] Start gpu-accel-nano architecture with glayer 56 (2-thread)!!
[2024-10-17 21:08:22] End gpu-accel-nano architecture with glayer 56 (2-thread)!!
Elapsed time: 0h 0m 0s
[2024-10-17 21:08:22] Start gpu-accel-nano architecture with glayer 64 (2-thread)!!
[2024-10-17 21:08:22] End gpu-accel-nano architecture with glayer 64 (2-thread)!!
Elapsed time: 0h 0m 0s
[2024-10-17 21:08:22] Start gpu-accel-nano architecture with glayer 72 (2-thread)!!
[2024-10-17 21:08:22] End gpu-accel-nano architecture with glayer 72 (2-thread)!!
Elapsed time: 0h 0m 0s
[2024-10-17 21:08:22] Start gpu-accel-nano architecture with glayer 80 (2-thread)!!
[2024-10-17 21:08:22] End gpu-accel-nano architecture with glayer 80 (2-thread)!!
Elapsed time: 0h 0m 0s
[2024-10-17 21:08:22] Start gpu-accel-nano architecture with glayer 88 (2-thread)!!
[2024-10-17 21:08:22] End gpu-accel-nano architecture with glayer 88 (2-thread)!!
Elapsed time: 0h 0m 0s
[2024-10-17 21:08:22] Start gpu-accel-nano architecture with glayer 96 (2-thread)!!
[2024-10-17 21:08:22] End gpu-accel-nano architecture with glayer 96 (2-thread)!!
Elapsed time: 0h 0m 0s
[2024-10-17 21:08:22] Start gpu-accel-nano architecture with glayer 104 (2-thread)!!
[2024-10-17 21:08:22] End gpu-accel-nano architecture with glayer 104 (2-thread)!!
Elapsed time: 0h 0m 0s
[2024-10-17 21:08:22] Start gpu-accel-nano architecture with glayer 112 (2-thread)!!
[2024-10-17 21:08:22] End gpu-accel-nano architecture with glayer 112 (2-thread)!!
Elapsed time: 0h 0m 0s
[2024-10-17 21:08:22] Start gpu-accel-nano architecture with glayer 120 (2-thread)!!
[2024-10-17 21:08:22] End gpu-accel-nano architecture with glayer 120 (2-thread)!!
Elapsed time: 0h 0m 0s
[2024-10-17 21:08:23] Start gpu-accel-nano architecture with glayer 128 (2-thread)!!
[2024-10-17 21:08:23] End gpu-accel-nano architecture with glayer 128 (2-thread)!!
Elapsed time: 0h 0m 0s
[2024-10-17 21:08:23] Start gpu-accel-nano architecture with glayer 136 (2-thread)!!
[2024-10-17 21:08:23] End gpu-accel-nano architecture with glayer 136 (2-thread)!!
Elapsed time: 0h 0m 0s
[2024-10-17 21:08:23] Start gpu-accel-nano architecture with glayer 144 (2-thread)!!
[2024-10-17 21:08:23] End gpu-accel-nano architecture with glayer 144 (2-thread)!!
Elapsed time: 0h 0m 0s
[2024-10-17 21:08:23] Start gpu-accel-nano architecture with glayer 152 (2-thread)!!
[2024-10-17 21:08:23] End gpu-accel-nano architecture with glayer 152 (2-thread)!!
Elapsed time: 0h 0m 0s
[2024-10-17 21:08:23] Start gpu-accel-nano architecture with glayer 160 (2-thread)!!
[2024-10-17 21:08:23] End gpu-accel-nano architecture with glayer 160 (2-thread)!!
Elapsed time: 0h 0m 0s
[2024-10-17 21:08:23] Start gpu-accel-nano architecture with glayer 168 (2-thread)!!
[2024-10-17 21:08:23] End gpu-accel-nano architecture with glayer 168 (2-thread)!!
Elapsed time: 0h 0m 0s
[2024-10-17 21:08:23] Start gpu-accel-nano architecture with glayer 176 (2-thread)!!
[2024-10-17 21:08:23] End gpu-accel-nano architecture with glayer 176 (2-thread)!!
Elapsed time: 0h 0m 0s
[2024-10-17 21:08:23] Start gpu-accel-nano architecture with glayer 184 (2-thread)!!
[2024-10-17 21:08:23] End gpu-accel-nano architecture with glayer 184 (2-thread)!!
Elapsed time: 0h 0m 0s
[2024-10-17 21:08:23] Start gpu-accel-nano architecture with glayer 192 (2-thread)!!
[2024-10-17 21:08:23] End gpu-accel-nano architecture with glayer 192 (2-thread)!!
Elapsed time: 0h 0m 0s
[2024-10-17 21:08:24] Start gpu-accel-nano architecture with glayer 200 (2-thread)!!
[2024-10-17 21:08:24] End gpu-accel-nano architecture with glayer 200 (2-thread)!!
Elapsed time: 0h 0m 0s
[2024-10-17 21:08:24] Start gpu-accel-nano architecture with glayer 208 (2-thread)!!
[2024-10-17 21:08:24] End gpu-accel-nano architecture with glayer 208 (2-thread)!!
Elapsed time: 0h 0m 0s
[2024-10-17 21:08:24] Start gpu-accel-nano architecture with glayer 216 (2-thread)!!
[2024-10-17 21:08:24] End gpu-accel-nano architecture with glayer 216 (2-thread)!!
Elapsed time: 0h 0m 0s
[2024-10-17 21:08:24] Start gpu-accel-nano architecture with glayer 224 (2-thread)!!
[2024-10-17 21:08:24] End gpu-accel-nano architecture with glayer 224 (2-thread)!!
Elapsed time: 0h 0m 0s
[2024-10-17 21:08:24] Start gpu-accel-nano architecture with glayer 232 (2-thread)!!
[2024-10-17 21:08:24] End gpu-accel-nano architecture with glayer 232 (2-thread)!!
Elapsed time: 0h 0m 0s
[2024-10-17 21:08:24] Start gpu-accel-nano architecture with glayer 240 (2-thread)!!
[2024-10-17 21:08:24] End gpu-accel-nano architecture with glayer 240 (2-thread)!!
Elapsed time: 0h 0m 0s
[2024-10-17 21:08:24] Start gpu-accel-nano architecture with glayer 248 (2-thread)!!
[2024-10-17 21:08:24] End gpu-accel-nano architecture with glayer 248 (2-thread)!!
Elapsed time: 0h 0m 0s
[2024-10-17 21:08:24] Start gpu-accel-nano architecture with glayer 256 (2-thread)!!
[2024-10-17 21:08:24] End gpu-accel-nano architecture with glayer 256 (2-thread)!!
Elapsed time: 0h 0m 0s
[2024-10-17 21:08:24] Start gpu-accel-nano architecture with glayer 264 (2-thread)!!
[2024-10-17 21:08:24] End gpu-accel-nano architecture with glayer 264 (2-thread)!!
Elapsed time: 0h 0m 0s
[2024-10-17 21:08:25] Start gpu-accel-nano architecture with glayer 272 (2-thread)!!
[2024-10-17 21:08:25] End gpu-accel-nano architecture with glayer 272 (2-thread)!!
Elapsed time: 0h 0m 0s
[2024-10-17 21:08:25] Start gpu-accel-nano architecture with glayer 280 (2-thread)!!
[2024-10-17 21:08:25] End gpu-accel-nano architecture with glayer 280 (2-thread)!!
Elapsed time: 0h 0m 0s
[2024-10-17 21:08:25] Start gpu-accel-nano architecture with glayer 288 (2-thread)!!
[2024-10-17 21:08:25] End gpu-accel-nano architecture with glayer 288 (2-thread)!!
Elapsed time: 0h 0m 0s
[2024-10-17 21:08:25] Start gpu-accel-nano architecture with glayer 296 (2-thread)!!
[2024-10-17 21:08:25] End gpu-accel-nano architecture with glayer 296 (2-thread)!!
Elapsed time: 0h 0m 0s
[2024-10-17 21:08:25] Start gpu-accel-nano architecture with glayer 304 (2-thread)!!
[2024-10-17 21:08:25] End gpu-accel-nano architecture with glayer 304 (2-thread)!!
Elapsed time: 0h 0m 0s
[2024-10-17 21:08:25] Start gpu-accel-nano architecture with glayer 0 (3-thread)!!
[2024-10-17 21:08:25] End gpu-accel-nano architecture with glayer 0 (3-thread)!!
Elapsed time: 0h 0m 0s
[2024-10-17 21:08:25] Start gpu-accel-nano architecture with glayer 8 (3-thread)!!
[2024-10-17 21:08:25] End gpu-accel-nano architecture with glayer 8 (3-thread)!!
Elapsed time: 0h 0m 0s
[2024-10-17 21:08:25] Start gpu-accel-nano architecture with glayer 16 (3-thread)!!
[2024-10-17 21:08:25] End gpu-accel-nano architecture with glayer 16 (3-thread)!!
Elapsed time: 0h 0m 0s
[2024-10-17 21:08:25] Start gpu-accel-nano architecture with glayer 24 (3-thread)!!
[2024-10-17 21:08:25] End gpu-accel-nano architecture with glayer 24 (3-thread)!!
Elapsed time: 0h 0m 0s
[2024-10-17 21:08:26] Start gpu-accel-nano architecture with glayer 32 (3-thread)!!
[2024-10-17 21:08:26] End gpu-accel-nano architecture with glayer 32 (3-thread)!!
Elapsed time: 0h 0m 0s
[2024-10-17 21:08:26] Start gpu-accel-nano architecture with glayer 40 (3-thread)!!
[2024-10-17 21:08:26] End gpu-accel-nano architecture with glayer 40 (3-thread)!!
Elapsed time: 0h 0m 0s
[2024-10-17 21:08:26] Start gpu-accel-nano architecture with glayer 48 (3-thread)!!
[2024-10-17 21:08:26] End gpu-accel-nano architecture with glayer 48 (3-thread)!!
Elapsed time: 0h 0m 0s
[2024-10-17 21:08:26] Start gpu-accel-nano architecture with glayer 56 (3-thread)!!
[2024-10-17 21:08:26] End gpu-accel-nano architecture with glayer 56 (3-thread)!!
Elapsed time: 0h 0m 0s
[2024-10-17 21:08:26] Start gpu-accel-nano architecture with glayer 64 (3-thread)!!
[2024-10-17 21:08:26] End gpu-accel-nano architecture with glayer 64 (3-thread)!!
Elapsed time: 0h 0m 0s
[2024-10-17 21:08:26] Start gpu-accel-nano architecture with glayer 72 (3-thread)!!
[2024-10-17 21:08:26] End gpu-accel-nano architecture with glayer 72 (3-thread)!!
Elapsed time: 0h 0m 0s
[2024-10-17 21:08:26] Start gpu-accel-nano architecture with glayer 80 (3-thread)!!
[2024-10-17 21:08:26] End gpu-accel-nano architecture with glayer 80 (3-thread)!!
Elapsed time: 0h 0m 0s
[2024-10-17 21:08:26] Start gpu-accel-nano architecture with glayer 88 (3-thread)!!
[2024-10-17 21:08:26] End gpu-accel-nano architecture with glayer 88 (3-thread)!!
Elapsed time: 0h 0m 0s
[2024-10-17 21:08:26] Start gpu-accel-nano architecture with glayer 96 (3-thread)!!
[2024-10-17 21:08:26] End gpu-accel-nano architecture with glayer 96 (3-thread)!!
Elapsed time: 0h 0m 0s
[2024-10-17 21:08:27] Start gpu-accel-nano architecture with glayer 104 (3-thread)!!
[2024-10-17 21:08:27] End gpu-accel-nano architecture with glayer 104 (3-thread)!!
Elapsed time: 0h 0m 0s
[2024-10-17 21:08:27] Start gpu-accel-nano architecture with glayer 112 (3-thread)!!
[2024-10-17 21:08:27] End gpu-accel-nano architecture with glayer 112 (3-thread)!!
Elapsed time: 0h 0m 0s
[2024-10-17 21:08:27] Start gpu-accel-nano architecture with glayer 120 (3-thread)!!
[2024-10-17 21:08:27] End gpu-accel-nano architecture with glayer 120 (3-thread)!!
Elapsed time: 0h 0m 0s
[2024-10-17 21:08:27] Start gpu-accel-nano architecture with glayer 128 (3-thread)!!
[2024-10-17 21:08:27] End gpu-accel-nano architecture with glayer 128 (3-thread)!!
Elapsed time: 0h 0m 0s
[2024-10-17 21:08:27] Start gpu-accel-nano architecture with glayer 136 (3-thread)!!
[2024-10-17 21:08:27] End gpu-accel-nano architecture with glayer 136 (3-thread)!!
Elapsed time: 0h 0m 0s
[2024-10-17 21:08:27] Start gpu-accel-nano architecture with glayer 144 (3-thread)!!
[2024-10-17 21:08:27] End gpu-accel-nano architecture with glayer 144 (3-thread)!!
Elapsed time: 0h 0m 0s
[2024-10-17 21:08:27] Start gpu-accel-nano architecture with glayer 152 (3-thread)!!
[2024-10-17 21:08:27] End gpu-accel-nano architecture with glayer 152 (3-thread)!!
Elapsed time: 0h 0m 0s
[2024-10-17 21:08:27] Start gpu-accel-nano architecture with glayer 160 (3-thread)!!
[2024-10-17 21:08:27] End gpu-accel-nano architecture with glayer 160 (3-thread)!!
Elapsed time: 0h 0m 0s
[2024-10-17 21:08:27] Start gpu-accel-nano architecture with glayer 168 (3-thread)!!
[2024-10-17 21:08:27] End gpu-accel-nano architecture with glayer 168 (3-thread)!!
Elapsed time: 0h 0m 0s
[2024-10-17 21:08:28] Start gpu-accel-nano architecture with glayer 176 (3-thread)!!
[2024-10-17 21:08:28] End gpu-accel-nano architecture with glayer 176 (3-thread)!!
Elapsed time: 0h 0m 0s
[2024-10-17 21:08:28] Start gpu-accel-nano architecture with glayer 184 (3-thread)!!
[2024-10-17 21:08:28] End gpu-accel-nano architecture with glayer 184 (3-thread)!!
Elapsed time: 0h 0m 0s
[2024-10-17 21:08:28] Start gpu-accel-nano architecture with glayer 192 (3-thread)!!
[2024-10-17 21:08:28] End gpu-accel-nano architecture with glayer 192 (3-thread)!!
Elapsed time: 0h 0m 0s
[2024-10-17 21:08:28] Start gpu-accel-nano architecture with glayer 200 (3-thread)!!
[2024-10-17 21:08:28] End gpu-accel-nano architecture with glayer 200 (3-thread)!!
Elapsed time: 0h 0m 0s
[2024-10-17 21:08:28] Start gpu-accel-nano architecture with glayer 208 (3-thread)!!
[2024-10-17 21:08:28] End gpu-accel-nano architecture with glayer 208 (3-thread)!!
Elapsed time: 0h 0m 0s
[2024-10-17 21:08:28] Start gpu-accel-nano architecture with glayer 216 (3-thread)!!
[2024-10-17 21:08:28] End gpu-accel-nano architecture with glayer 216 (3-thread)!!
Elapsed time: 0h 0m 0s
[2024-10-17 21:08:28] Start gpu-accel-nano architecture with glayer 224 (3-thread)!!
[2024-10-17 21:08:28] End gpu-accel-nano architecture with glayer 224 (3-thread)!!
Elapsed time: 0h 0m 0s
[2024-10-17 21:08:28] Start gpu-accel-nano architecture with glayer 232 (3-thread)!!
[2024-10-17 21:08:28] End gpu-accel-nano architecture with glayer 232 (3-thread)!!
Elapsed time: 0h 0m 0s
[2024-10-17 21:08:28] Start gpu-accel-nano architecture with glayer 240 (3-thread)!!
[2024-10-17 21:08:28] End gpu-accel-nano architecture with glayer 240 (3-thread)!!
Elapsed time: 0h 0m 0s
[2024-10-17 21:08:29] Start gpu-accel-nano architecture with glayer 248 (3-thread)!!
[2024-10-17 21:08:29] End gpu-accel-nano architecture with glayer 248 (3-thread)!!
Elapsed time: 0h 0m 0s
[2024-10-17 21:08:29] Start gpu-accel-nano architecture with glayer 256 (3-thread)!!
[2024-10-17 21:08:29] End gpu-accel-nano architecture with glayer 256 (3-thread)!!
Elapsed time: 0h 0m 0s
[2024-10-17 21:08:29] Start gpu-accel-nano architecture with glayer 264 (3-thread)!!
[2024-10-17 21:08:29] End gpu-accel-nano architecture with glayer 264 (3-thread)!!
Elapsed time: 0h 0m 0s
[2024-10-17 21:08:29] Start gpu-accel-nano architecture with glayer 272 (3-thread)!!
[2024-10-17 21:08:29] End gpu-accel-nano architecture with glayer 272 (3-thread)!!
Elapsed time: 0h 0m 0s
[2024-10-17 21:08:29] Start gpu-accel-nano architecture with glayer 280 (3-thread)!!
[2024-10-17 21:08:29] End gpu-accel-nano architecture with glayer 280 (3-thread)!!
Elapsed time: 0h 0m 0s
[2024-10-17 21:08:29] Start gpu-accel-nano architecture with glayer 288 (3-thread)!!
[2024-10-17 21:08:29] End gpu-accel-nano architecture with glayer 288 (3-thread)!!
Elapsed time: 0h 0m 0s
[2024-10-17 21:08:29] Start gpu-accel-nano architecture with glayer 296 (3-thread)!!
[2024-10-17 21:08:29] End gpu-accel-nano architecture with glayer 296 (3-thread)!!
Elapsed time: 0h 0m 0s
[2024-10-17 21:08:29] Start gpu-accel-nano architecture with glayer 304 (3-thread)!!
[2024-10-17 21:08:29] End gpu-accel-nano architecture with glayer 304 (3-thread)!!
Elapsed time: 0h 0m 0s
[2024-10-17 21:08:29] Start gpu-accel-nano architecture with glayer 0 (4-thread)!!
[2024-10-17 21:08:29] End gpu-accel-nano architecture with glayer 0 (4-thread)!!
Elapsed time: 0h 0m 0s
[2024-10-17 21:08:30] Start gpu-accel-nano architecture with glayer 8 (4-thread)!!
[2024-10-17 21:08:30] End gpu-accel-nano architecture with glayer 8 (4-thread)!!
Elapsed time: 0h 0m 0s
[2024-10-17 21:08:30] Start gpu-accel-nano architecture with glayer 16 (4-thread)!!
[2024-10-17 21:08:30] End gpu-accel-nano architecture with glayer 16 (4-thread)!!
Elapsed time: 0h 0m 0s
[2024-10-17 21:08:30] Start gpu-accel-nano architecture with glayer 24 (4-thread)!!
[2024-10-17 21:08:30] End gpu-accel-nano architecture with glayer 24 (4-thread)!!
Elapsed time: 0h 0m 0s
[2024-10-17 21:08:30] Start gpu-accel-nano architecture with glayer 32 (4-thread)!!
[2024-10-17 21:08:30] End gpu-accel-nano architecture with glayer 32 (4-thread)!!
Elapsed time: 0h 0m 0s
[2024-10-17 21:08:30] Start gpu-accel-nano architecture with glayer 40 (4-thread)!!
[2024-10-17 21:08:30] End gpu-accel-nano architecture with glayer 40 (4-thread)!!
Elapsed time: 0h 0m 0s
[2024-10-17 21:08:30] Start gpu-accel-nano architecture with glayer 48 (4-thread)!!
[2024-10-17 21:08:30] End gpu-accel-nano architecture with glayer 48 (4-thread)!!
Elapsed time: 0h 0m 0s
[2024-10-17 21:08:30] Start gpu-accel-nano architecture with glayer 56 (4-thread)!!
[2024-10-17 21:08:30] End gpu-accel-nano architecture with glayer 56 (4-thread)!!
Elapsed time: 0h 0m 0s
[2024-10-17 21:08:30] Start gpu-accel-nano architecture with glayer 64 (4-thread)!!
[2024-10-17 21:08:30] End gpu-accel-nano architecture with glayer 64 (4-thread)!!
Elapsed time: 0h 0m 0s
[2024-10-17 21:08:30] Start gpu-accel-nano architecture with glayer 72 (4-thread)!!
[2024-10-17 21:08:30] End gpu-accel-nano architecture with glayer 72 (4-thread)!!
Elapsed time: 0h 0m 0s
[2024-10-17 21:08:30] Start gpu-accel-nano architecture with glayer 80 (4-thread)!!
[2024-10-17 21:08:30] End gpu-accel-nano architecture with glayer 80 (4-thread)!!
Elapsed time: 0h 0m 0s
[2024-10-17 21:08:31] Start gpu-accel-nano architecture with glayer 88 (4-thread)!!
[2024-10-17 21:08:31] End gpu-accel-nano architecture with glayer 88 (4-thread)!!
Elapsed time: 0h 0m 0s
[2024-10-17 21:08:31] Start gpu-accel-nano architecture with glayer 96 (4-thread)!!
[2024-10-17 21:08:31] End gpu-accel-nano architecture with glayer 96 (4-thread)!!
Elapsed time: 0h 0m 0s
[2024-10-17 21:08:31] Start gpu-accel-nano architecture with glayer 104 (4-thread)!!
[2024-10-17 21:08:31] End gpu-accel-nano architecture with glayer 104 (4-thread)!!
Elapsed time: 0h 0m 0s
[2024-10-17 21:08:31] Start gpu-accel-nano architecture with glayer 112 (4-thread)!!
[2024-10-17 21:08:31] End gpu-accel-nano architecture with glayer 112 (4-thread)!!
Elapsed time: 0h 0m 0s
[2024-10-17 21:08:31] Start gpu-accel-nano architecture with glayer 120 (4-thread)!!
[2024-10-17 21:08:31] End gpu-accel-nano architecture with glayer 120 (4-thread)!!
Elapsed time: 0h 0m 0s
[2024-10-17 21:08:31] Start gpu-accel-nano architecture with glayer 128 (4-thread)!!
[2024-10-17 21:08:31] End gpu-accel-nano architecture with glayer 128 (4-thread)!!
Elapsed time: 0h 0m 0s
[2024-10-17 21:08:31] Start gpu-accel-nano architecture with glayer 136 (4-thread)!!
[2024-10-17 21:08:31] End gpu-accel-nano architecture with glayer 136 (4-thread)!!
Elapsed time: 0h 0m 0s
[2024-10-17 21:08:31] Start gpu-accel-nano architecture with glayer 144 (4-thread)!!
[2024-10-17 21:08:31] End gpu-accel-nano architecture with glayer 144 (4-thread)!!
Elapsed time: 0h 0m 0s
[2024-10-17 21:08:31] Start gpu-accel-nano architecture with glayer 152 (4-thread)!!
[2024-10-17 21:08:31] End gpu-accel-nano architecture with glayer 152 (4-thread)!!
Elapsed time: 0h 0m 0s
[2024-10-17 21:08:32] Start gpu-accel-nano architecture with glayer 160 (4-thread)!!
[2024-10-17 21:08:32] End gpu-accel-nano architecture with glayer 160 (4-thread)!!
Elapsed time: 0h 0m 0s
[2024-10-17 21:08:32] Start gpu-accel-nano architecture with glayer 168 (4-thread)!!
[2024-10-17 21:08:32] End gpu-accel-nano architecture with glayer 168 (4-thread)!!
Elapsed time: 0h 0m 0s
[2024-10-17 21:08:32] Start gpu-accel-nano architecture with glayer 176 (4-thread)!!
[2024-10-17 21:08:32] End gpu-accel-nano architecture with glayer 176 (4-thread)!!
Elapsed time: 0h 0m 0s
[2024-10-17 21:08:32] Start gpu-accel-nano architecture with glayer 184 (4-thread)!!
[2024-10-17 21:08:32] End gpu-accel-nano architecture with glayer 184 (4-thread)!!
Elapsed time: 0h 0m 0s
[2024-10-17 21:08:32] Start gpu-accel-nano architecture with glayer 192 (4-thread)!!
[2024-10-17 21:08:32] End gpu-accel-nano architecture with glayer 192 (4-thread)!!
Elapsed time: 0h 0m 0s
[2024-10-17 21:08:32] Start gpu-accel-nano architecture with glayer 200 (4-thread)!!
[2024-10-17 21:08:32] End gpu-accel-nano architecture with glayer 200 (4-thread)!!
Elapsed time: 0h 0m 0s
[2024-10-17 21:08:32] Start gpu-accel-nano architecture with glayer 208 (4-thread)!!
[2024-10-17 21:08:32] End gpu-accel-nano architecture with glayer 208 (4-thread)!!
Elapsed time: 0h 0m 0s
[2024-10-17 21:08:32] Start gpu-accel-nano architecture with glayer 216 (4-thread)!!
[2024-10-17 21:08:32] End gpu-accel-nano architecture with glayer 216 (4-thread)!!
Elapsed time: 0h 0m 0s
[2024-10-17 21:08:32] Start gpu-accel-nano architecture with glayer 224 (4-thread)!!
[2024-10-17 21:08:32] End gpu-accel-nano architecture with glayer 224 (4-thread)!!
Elapsed time: 0h 0m 0s
[2024-10-17 21:08:33] Start gpu-accel-nano architecture with glayer 232 (4-thread)!!
[2024-10-17 21:08:33] End gpu-accel-nano architecture with glayer 232 (4-thread)!!
Elapsed time: 0h 0m 0s
[2024-10-17 21:08:33] Start gpu-accel-nano architecture with glayer 240 (4-thread)!!
[2024-10-17 21:08:33] End gpu-accel-nano architecture with glayer 240 (4-thread)!!
Elapsed time: 0h 0m 0s
[2024-10-17 21:08:33] Start gpu-accel-nano architecture with glayer 248 (4-thread)!!
[2024-10-17 21:08:33] End gpu-accel-nano architecture with glayer 248 (4-thread)!!
Elapsed time: 0h 0m 0s
[2024-10-17 21:08:33] Start gpu-accel-nano architecture with glayer 256 (4-thread)!!
[2024-10-17 21:08:33] End gpu-accel-nano architecture with glayer 256 (4-thread)!!
Elapsed time: 0h 0m 0s
[2024-10-17 21:08:33] Start gpu-accel-nano architecture with glayer 264 (4-thread)!!
[2024-10-17 21:08:33] End gpu-accel-nano architecture with glayer 264 (4-thread)!!
Elapsed time: 0h 0m 0s
[2024-10-17 21:08:33] Start gpu-accel-nano architecture with glayer 272 (4-thread)!!
[2024-10-17 21:08:33] End gpu-accel-nano architecture with glayer 272 (4-thread)!!
Elapsed time: 0h 0m 0s
[2024-10-17 21:08:33] Start gpu-accel-nano architecture with glayer 280 (4-thread)!!
[2024-10-17 21:08:33] End gpu-accel-nano architecture with glayer 280 (4-thread)!!
Elapsed time: 0h 0m 0s
[2024-10-17 21:08:33] Start gpu-accel-nano architecture with glayer 288 (4-thread)!!
[2024-10-17 21:08:33] End gpu-accel-nano architecture with glayer 288 (4-thread)!!
Elapsed time: 0h 0m 0s
[2024-10-17 21:08:33] Start gpu-accel-nano architecture with glayer 296 (4-thread)!!
[2024-10-17 21:08:33] End gpu-accel-nano architecture with glayer 296 (4-thread)!!
Elapsed time: 0h 0m 0s
[2024-10-17 21:08:34] Start gpu-accel-nano architecture with glayer 304 (4-thread)!!
[2024-10-17 21:08:34] End gpu-accel-nano architecture with glayer 304 (4-thread)!!
Elapsed time: 0h 0m 0s
[2024-10-17 21:08:34] Start gpu-accel-nano architecture with glayer 0 (5-thread)!!
[2024-10-17 21:08:34] End gpu-accel-nano architecture with glayer 0 (5-thread)!!
Elapsed time: 0h 0m 0s
[2024-10-17 21:08:34] Start gpu-accel-nano architecture with glayer 8 (5-thread)!!
[2024-10-17 21:08:34] End gpu-accel-nano architecture with glayer 8 (5-thread)!!
Elapsed time: 0h 0m 0s
[2024-10-17 21:08:34] Start gpu-accel-nano architecture with glayer 16 (5-thread)!!
[2024-10-17 21:08:34] End gpu-accel-nano architecture with glayer 16 (5-thread)!!
Elapsed time: 0h 0m 0s
[2024-10-17 21:08:34] Start gpu-accel-nano architecture with glayer 24 (5-thread)!!
[2024-10-17 21:08:34] End gpu-accel-nano architecture with glayer 24 (5-thread)!!
Elapsed time: 0h 0m 0s
[2024-10-17 21:08:34] Start gpu-accel-nano architecture with glayer 32 (5-thread)!!
[2024-10-17 21:08:34] End gpu-accel-nano architecture with glayer 32 (5-thread)!!
Elapsed time: 0h 0m 0s
[2024-10-17 21:08:34] Start gpu-accel-nano architecture with glayer 40 (5-thread)!!
[2024-10-17 21:08:34] End gpu-accel-nano architecture with glayer 40 (5-thread)!!
Elapsed time: 0h 0m 0s
[2024-10-17 21:08:34] Start gpu-accel-nano architecture with glayer 48 (5-thread)!!
[2024-10-17 21:08:34] End gpu-accel-nano architecture with glayer 48 (5-thread)!!
Elapsed time: 0h 0m 0s
[2024-10-17 21:08:34] Start gpu-accel-nano architecture with glayer 56 (5-thread)!!
[2024-10-17 21:08:34] End gpu-accel-nano architecture with glayer 56 (5-thread)!!
Elapsed time: 0h 0m 0s
[2024-10-17 21:08:35] Start gpu-accel-nano architecture with glayer 64 (5-thread)!!
[2024-10-17 21:08:35] End gpu-accel-nano architecture with glayer 64 (5-thread)!!
Elapsed time: 0h 0m 0s
[2024-10-17 21:08:35] Start gpu-accel-nano architecture with glayer 72 (5-thread)!!
[2024-10-17 21:08:35] End gpu-accel-nano architecture with glayer 72 (5-thread)!!
Elapsed time: 0h 0m 0s
[2024-10-17 21:08:35] Start gpu-accel-nano architecture with glayer 80 (5-thread)!!
[2024-10-17 21:08:35] End gpu-accel-nano architecture with glayer 80 (5-thread)!!
Elapsed time: 0h 0m 0s
[2024-10-17 21:08:35] Start gpu-accel-nano architecture with glayer 88 (5-thread)!!
[2024-10-17 21:08:35] End gpu-accel-nano architecture with glayer 88 (5-thread)!!
Elapsed time: 0h 0m 0s
[2024-10-17 21:08:35] Start gpu-accel-nano architecture with glayer 96 (5-thread)!!
[2024-10-17 21:08:35] End gpu-accel-nano architecture with glayer 96 (5-thread)!!
Elapsed time: 0h 0m 0s
[2024-10-17 21:08:35] Start gpu-accel-nano architecture with glayer 104 (5-thread)!!
[2024-10-17 21:08:35] End gpu-accel-nano architecture with glayer 104 (5-thread)!!
Elapsed time: 0h 0m 0s
[2024-10-17 21:08:35] Start gpu-accel-nano architecture with glayer 112 (5-thread)!!
[2024-10-17 21:08:35] End gpu-accel-nano architecture with glayer 112 (5-thread)!!
Elapsed time: 0h 0m 0s
[2024-10-17 21:08:35] Start gpu-accel-nano architecture with glayer 120 (5-thread)!!
[2024-10-17 21:08:35] End gpu-accel-nano architecture with glayer 120 (5-thread)!!
Elapsed time: 0h 0m 0s
[2024-10-17 21:08:35] Start gpu-accel-nano architecture with glayer 128 (5-thread)!!
[2024-10-17 21:08:35] End gpu-accel-nano architecture with glayer 128 (5-thread)!!
Elapsed time: 0h 0m 0s
[2024-10-17 21:08:36] Start gpu-accel-nano architecture with glayer 136 (5-thread)!!
[2024-10-17 21:08:36] End gpu-accel-nano architecture with glayer 136 (5-thread)!!
Elapsed time: 0h 0m 0s
[2024-10-17 21:08:36] Start gpu-accel-nano architecture with glayer 144 (5-thread)!!
[2024-10-17 21:08:36] End gpu-accel-nano architecture with glayer 144 (5-thread)!!
Elapsed time: 0h 0m 0s
[2024-10-17 21:08:36] Start gpu-accel-nano architecture with glayer 152 (5-thread)!!
[2024-10-17 21:08:36] End gpu-accel-nano architecture with glayer 152 (5-thread)!!
Elapsed time: 0h 0m 0s
[2024-10-17 21:08:36] Start gpu-accel-nano architecture with glayer 160 (5-thread)!!
[2024-10-17 21:08:36] End gpu-accel-nano architecture with glayer 160 (5-thread)!!
Elapsed time: 0h 0m 0s
[2024-10-17 21:08:36] Start gpu-accel-nano architecture with glayer 168 (5-thread)!!
[2024-10-17 21:08:36] End gpu-accel-nano architecture with glayer 168 (5-thread)!!
Elapsed time: 0h 0m 0s
[2024-10-17 21:08:36] Start gpu-accel-nano architecture with glayer 176 (5-thread)!!
[2024-10-17 21:08:36] End gpu-accel-nano architecture with glayer 176 (5-thread)!!
Elapsed time: 0h 0m 0s
[2024-10-17 21:08:36] Start gpu-accel-nano architecture with glayer 184 (5-thread)!!
[2024-10-17 21:08:36] End gpu-accel-nano architecture with glayer 184 (5-thread)!!
Elapsed time: 0h 0m 0s
[2024-10-17 21:08:36] Start gpu-accel-nano architecture with glayer 192 (5-thread)!!
[2024-10-17 21:08:36] End gpu-accel-nano architecture with glayer 192 (5-thread)!!
Elapsed time: 0h 0m 0s
[2024-10-17 21:08:36] Start gpu-accel-nano architecture with glayer 200 (5-thread)!!
[2024-10-17 21:08:36] End gpu-accel-nano architecture with glayer 200 (5-thread)!!
Elapsed time: 0h 0m 0s
[2024-10-17 21:08:37] Start gpu-accel-nano architecture with glayer 208 (5-thread)!!
[2024-10-17 21:08:37] End gpu-accel-nano architecture with glayer 208 (5-thread)!!
Elapsed time: 0h 0m 0s
[2024-10-17 21:08:37] Start gpu-accel-nano architecture with glayer 216 (5-thread)!!
[2024-10-17 21:08:37] End gpu-accel-nano architecture with glayer 216 (5-thread)!!
Elapsed time: 0h 0m 0s
[2024-10-17 21:08:37] Start gpu-accel-nano architecture with glayer 224 (5-thread)!!
[2024-10-17 21:08:37] End gpu-accel-nano architecture with glayer 224 (5-thread)!!
Elapsed time: 0h 0m 0s
[2024-10-17 21:08:37] Start gpu-accel-nano architecture with glayer 232 (5-thread)!!
[2024-10-17 21:08:37] End gpu-accel-nano architecture with glayer 232 (5-thread)!!
Elapsed time: 0h 0m 0s
[2024-10-17 21:08:37] Start gpu-accel-nano architecture with glayer 240 (5-thread)!!
[2024-10-17 21:08:37] End gpu-accel-nano architecture with glayer 240 (5-thread)!!
Elapsed time: 0h 0m 0s
[2024-10-17 21:08:37] Start gpu-accel-nano architecture with glayer 248 (5-thread)!!
[2024-10-17 21:08:37] End gpu-accel-nano architecture with glayer 248 (5-thread)!!
Elapsed time: 0h 0m 0s
[2024-10-17 21:08:37] Start gpu-accel-nano architecture with glayer 256 (5-thread)!!
[2024-10-17 21:08:37] End gpu-accel-nano architecture with glayer 256 (5-thread)!!
Elapsed time: 0h 0m 0s
[2024-10-17 21:08:37] Start gpu-accel-nano architecture with glayer 264 (5-thread)!!
[2024-10-17 21:08:37] End gpu-accel-nano architecture with glayer 264 (5-thread)!!
Elapsed time: 0h 0m 0s
[2024-10-17 21:08:37] Start gpu-accel-nano architecture with glayer 272 (5-thread)!!
[2024-10-17 21:08:37] End gpu-accel-nano architecture with glayer 272 (5-thread)!!
Elapsed time: 0h 0m 0s
[2024-10-17 21:08:38] Start gpu-accel-nano architecture with glayer 280 (5-thread)!!
[2024-10-17 21:08:38] End gpu-accel-nano architecture with glayer 280 (5-thread)!!
Elapsed time: 0h 0m 0s
[2024-10-17 21:08:38] Start gpu-accel-nano architecture with glayer 288 (5-thread)!!
[2024-10-17 21:08:38] End gpu-accel-nano architecture with glayer 288 (5-thread)!!
Elapsed time: 0h 0m 0s
[2024-10-17 21:08:38] Start gpu-accel-nano architecture with glayer 296 (5-thread)!!
[2024-10-17 21:08:38] End gpu-accel-nano architecture with glayer 296 (5-thread)!!
Elapsed time: 0h 0m 0s
[2024-10-17 21:08:38] Start gpu-accel-nano architecture with glayer 304 (5-thread)!!
[2024-10-17 21:08:38] End gpu-accel-nano architecture with glayer 304 (5-thread)!!
Elapsed time: 0h 0m 0s
[2024-10-17 21:08:38] Start gpu-accel-nano architecture with glayer 0 (6-thread)!!
[2024-10-17 21:08:38] End gpu-accel-nano architecture with glayer 0 (6-thread)!!
Elapsed time: 0h 0m 0s
[2024-10-17 21:08:38] Start gpu-accel-nano architecture with glayer 8 (6-thread)!!
[2024-10-17 21:08:38] End gpu-accel-nano architecture with glayer 8 (6-thread)!!
Elapsed time: 0h 0m 0s
[2024-10-17 21:08:38] Start gpu-accel-nano architecture with glayer 16 (6-thread)!!
[2024-10-17 21:08:38] End gpu-accel-nano architecture with glayer 16 (6-thread)!!
Elapsed time: 0h 0m 0s
[2024-10-17 21:08:38] Start gpu-accel-nano architecture with glayer 24 (6-thread)!!
[2024-10-17 21:08:38] End gpu-accel-nano architecture with glayer 24 (6-thread)!!
Elapsed time: 0h 0m 0s
[2024-10-17 21:08:38] Start gpu-accel-nano architecture with glayer 32 (6-thread)!!
[2024-10-17 21:08:38] End gpu-accel-nano architecture with glayer 32 (6-thread)!!
Elapsed time: 0h 0m 0s
[2024-10-17 21:08:39] Start gpu-accel-nano architecture with glayer 40 (6-thread)!!
[2024-10-17 21:08:39] End gpu-accel-nano architecture with glayer 40 (6-thread)!!
Elapsed time: 0h 0m 0s
[2024-10-17 21:08:39] Start gpu-accel-nano architecture with glayer 48 (6-thread)!!
[2024-10-17 21:08:39] End gpu-accel-nano architecture with glayer 48 (6-thread)!!
Elapsed time: 0h 0m 0s
[2024-10-17 21:08:39] Start gpu-accel-nano architecture with glayer 56 (6-thread)!!
[2024-10-17 21:08:39] End gpu-accel-nano architecture with glayer 56 (6-thread)!!
Elapsed time: 0h 0m 0s
[2024-10-17 21:08:39] Start gpu-accel-nano architecture with glayer 64 (6-thread)!!
[2024-10-17 21:08:39] End gpu-accel-nano architecture with glayer 64 (6-thread)!!
Elapsed time: 0h 0m 0s
[2024-10-17 21:08:39] Start gpu-accel-nano architecture with glayer 72 (6-thread)!!
[2024-10-17 21:08:39] End gpu-accel-nano architecture with glayer 72 (6-thread)!!
Elapsed time: 0h 0m 0s
[2024-10-17 21:08:39] Start gpu-accel-nano architecture with glayer 80 (6-thread)!!
[2024-10-17 21:08:39] End gpu-accel-nano architecture with glayer 80 (6-thread)!!
Elapsed time: 0h 0m 0s
[2024-10-17 21:08:39] Start gpu-accel-nano architecture with glayer 88 (6-thread)!!
[2024-10-17 21:08:39] End gpu-accel-nano architecture with glayer 88 (6-thread)!!
Elapsed time: 0h 0m 0s
[2024-10-17 21:08:39] Start gpu-accel-nano architecture with glayer 96 (6-thread)!!
[2024-10-17 21:08:39] End gpu-accel-nano architecture with glayer 96 (6-thread)!!
Elapsed time: 0h 0m 0s
[2024-10-17 21:08:39] Start gpu-accel-nano architecture with glayer 104 (6-thread)!!
[2024-10-17 21:08:39] End gpu-accel-nano architecture with glayer 104 (6-thread)!!
Elapsed time: 0h 0m 0s
[2024-10-17 21:08:40] Start gpu-accel-nano architecture with glayer 112 (6-thread)!!
[2024-10-17 21:08:40] End gpu-accel-nano architecture with glayer 112 (6-thread)!!
Elapsed time: 0h 0m 0s
[2024-10-17 21:08:40] Start gpu-accel-nano architecture with glayer 120 (6-thread)!!
[2024-10-17 21:08:40] End gpu-accel-nano architecture with glayer 120 (6-thread)!!
Elapsed time: 0h 0m 0s
[2024-10-17 21:08:40] Start gpu-accel-nano architecture with glayer 128 (6-thread)!!
[2024-10-17 21:08:40] End gpu-accel-nano architecture with glayer 128 (6-thread)!!
Elapsed time: 0h 0m 0s
[2024-10-17 21:08:40] Start gpu-accel-nano architecture with glayer 136 (6-thread)!!
[2024-10-17 21:08:40] End gpu-accel-nano architecture with glayer 136 (6-thread)!!
Elapsed time: 0h 0m 0s
[2024-10-17 21:08:40] Start gpu-accel-nano architecture with glayer 144 (6-thread)!!
[2024-10-17 21:08:40] End gpu-accel-nano architecture with glayer 144 (6-thread)!!
Elapsed time: 0h 0m 0s
[2024-10-17 21:08:40] Start gpu-accel-nano architecture with glayer 152 (6-thread)!!
[2024-10-17 21:08:40] End gpu-accel-nano architecture with glayer 152 (6-thread)!!
Elapsed time: 0h 0m 0s
[2024-10-17 21:08:40] Start gpu-accel-nano architecture with glayer 160 (6-thread)!!
[2024-10-17 21:08:40] End gpu-accel-nano architecture with glayer 160 (6-thread)!!
Elapsed time: 0h 0m 0s
[2024-10-17 21:08:40] Start gpu-accel-nano architecture with glayer 168 (6-thread)!!
[2024-10-17 21:08:40] End gpu-accel-nano architecture with glayer 168 (6-thread)!!
Elapsed time: 0h 0m 0s
[2024-10-17 21:08:40] Start gpu-accel-nano architecture with glayer 176 (6-thread)!!
[2024-10-17 21:08:40] End gpu-accel-nano architecture with glayer 176 (6-thread)!!
Elapsed time: 0h 0m 0s
[2024-10-17 21:08:41] Start gpu-accel-nano architecture with glayer 184 (6-thread)!!
[2024-10-17 21:08:41] End gpu-accel-nano architecture with glayer 184 (6-thread)!!
Elapsed time: 0h 0m 0s
[2024-10-17 21:08:41] Start gpu-accel-nano architecture with glayer 192 (6-thread)!!
[2024-10-17 21:08:41] End gpu-accel-nano architecture with glayer 192 (6-thread)!!
Elapsed time: 0h 0m 0s
[2024-10-17 21:08:41] Start gpu-accel-nano architecture with glayer 200 (6-thread)!!
[2024-10-17 21:08:41] End gpu-accel-nano architecture with glayer 200 (6-thread)!!
Elapsed time: 0h 0m 0s
[2024-10-17 21:08:41] Start gpu-accel-nano architecture with glayer 208 (6-thread)!!
[2024-10-17 21:08:41] End gpu-accel-nano architecture with glayer 208 (6-thread)!!
Elapsed time: 0h 0m 0s
[2024-10-17 21:08:41] Start gpu-accel-nano architecture with glayer 216 (6-thread)!!
[2024-10-17 21:08:41] End gpu-accel-nano architecture with glayer 216 (6-thread)!!
Elapsed time: 0h 0m 0s
[2024-10-17 21:08:41] Start gpu-accel-nano architecture with glayer 224 (6-thread)!!
[2024-10-17 21:08:41] End gpu-accel-nano architecture with glayer 224 (6-thread)!!
Elapsed time: 0h 0m 0s
[2024-10-17 21:08:41] Start gpu-accel-nano architecture with glayer 232 (6-thread)!!
[2024-10-17 21:08:41] End gpu-accel-nano architecture with glayer 232 (6-thread)!!
Elapsed time: 0h 0m 0s
[2024-10-17 21:08:41] Start gpu-accel-nano architecture with glayer 240 (6-thread)!!
[2024-10-17 21:08:41] End gpu-accel-nano architecture with glayer 240 (6-thread)!!
Elapsed time: 0h 0m 0s
[2024-10-17 21:08:41] Start gpu-accel-nano architecture with glayer 248 (6-thread)!!
[2024-10-17 21:08:41] End gpu-accel-nano architecture with glayer 248 (6-thread)!!
Elapsed time: 0h 0m 0s
[2024-10-17 21:08:42] Start gpu-accel-nano architecture with glayer 256 (6-thread)!!
[2024-10-17 21:08:42] End gpu-accel-nano architecture with glayer 256 (6-thread)!!
Elapsed time: 0h 0m 0s
[2024-10-17 21:08:42] Start gpu-accel-nano architecture with glayer 264 (6-thread)!!
[2024-10-17 21:08:42] End gpu-accel-nano architecture with glayer 264 (6-thread)!!
Elapsed time: 0h 0m 0s
[2024-10-17 21:08:42] Start gpu-accel-nano architecture with glayer 272 (6-thread)!!
[2024-10-17 21:08:42] End gpu-accel-nano architecture with glayer 272 (6-thread)!!
Elapsed time: 0h 0m 0s
[2024-10-17 21:08:42] Start gpu-accel-nano architecture with glayer 280 (6-thread)!!
[2024-10-17 21:08:42] End gpu-accel-nano architecture with glayer 280 (6-thread)!!
Elapsed time: 0h 0m 0s
[2024-10-17 21:08:42] Start gpu-accel-nano architecture with glayer 288 (6-thread)!!
[2024-10-17 21:08:42] End gpu-accel-nano architecture with glayer 288 (6-thread)!!
Elapsed time: 0h 0m 0s
[2024-10-17 21:08:42] Start gpu-accel-nano architecture with glayer 296 (6-thread)!!
[2024-10-17 21:08:42] End gpu-accel-nano architecture with glayer 296 (6-thread)!!
Elapsed time: 0h 0m 0s
[2024-10-17 21:08:42] Start gpu-accel-nano architecture with glayer 304 (6-thread)!!
[2024-10-17 21:08:42] End gpu-accel-nano architecture with glayer 304 (6-thread)!!
Elapsed time: 0h 0m 0s
[2024-10-17 21:08:42] Start gpu-accel-nano architecture with glayer 4 (1-thread)!!
[2024-10-17 21:08:42] End gpu-accel-nano architecture with glayer 4 (1-thread)!!
Elapsed time: 0h 0m 0s
[2024-10-17 21:08:42] Start gpu-accel-nano architecture with glayer 8 (1-thread)!!
[2024-10-17 21:08:42] End gpu-accel-nano architecture with glayer 8 (1-thread)!!
Elapsed time: 0h 0m 0s
[2024-10-17 21:08:43] Start gpu-accel-nano architecture with glayer 12 (1-thread)!!
[2024-10-17 21:08:43] End gpu-accel-nano architecture with glayer 12 (1-thread)!!
Elapsed time: 0h 0m 0s
[2024-10-17 21:08:43] Start gpu-accel-nano architecture with glayer 16 (1-thread)!!
[2024-10-17 21:08:43] End gpu-accel-nano architecture with glayer 16 (1-thread)!!
Elapsed time: 0h 0m 0s
[2024-10-17 21:08:43] Start gpu-accel-nano architecture with glayer 20 (1-thread)!!
[2024-10-17 21:08:43] End gpu-accel-nano architecture with glayer 20 (1-thread)!!
Elapsed time: 0h 0m 0s
[2024-10-17 21:08:43] Start gpu-accel-nano architecture with glayer 24 (1-thread)!!
[2024-10-17 21:08:43] End gpu-accel-nano architecture with glayer 24 (1-thread)!!
Elapsed time: 0h 0m 0s
[2024-10-17 21:08:43] Start gpu-accel-nano architecture with glayer 28 (1-thread)!!
[2024-10-17 21:08:43] End gpu-accel-nano architecture with glayer 28 (1-thread)!!
Elapsed time: 0h 0m 0s
[2024-10-17 21:08:43] Start gpu-accel-nano architecture with glayer 32 (1-thread)!!
[2024-10-17 21:08:43] End gpu-accel-nano architecture with glayer 32 (1-thread)!!
Elapsed time: 0h 0m 0s
[2024-10-17 21:08:43] Start gpu-accel-nano architecture with glayer 36 (1-thread)!!
[2024-10-17 21:08:43] End gpu-accel-nano architecture with glayer 36 (1-thread)!!
Elapsed time: 0h 0m 0s
[2024-10-17 21:08:43] Start gpu-accel-nano architecture with glayer 40 (1-thread)!!
[2024-10-17 21:08:43] End gpu-accel-nano architecture with glayer 40 (1-thread)!!
Elapsed time: 0h 0m 0s
[2024-10-17 21:08:43] Start gpu-accel-nano architecture with glayer 44 (1-thread)!!
[2024-10-17 21:08:43] End gpu-accel-nano architecture with glayer 44 (1-thread)!!
Elapsed time: 0h 0m 0s
[2024-10-17 21:08:43] Start gpu-accel-nano architecture with glayer 48 (1-thread)!!
[2024-10-17 21:08:43] End gpu-accel-nano architecture with glayer 48 (1-thread)!!
Elapsed time: 0h 0m 0s
[2024-10-17 21:08:44] Start gpu-accel-nano architecture with glayer 52 (1-thread)!!
[2024-10-17 21:08:44] End gpu-accel-nano architecture with glayer 52 (1-thread)!!
Elapsed time: 0h 0m 0s
[2024-10-17 21:08:44] Start gpu-accel-nano architecture with glayer 56 (1-thread)!!
[2024-10-17 21:08:44] End gpu-accel-nano architecture with glayer 56 (1-thread)!!
Elapsed time: 0h 0m 0s
[2024-10-17 21:08:44] Start gpu-accel-nano architecture with glayer 60 (1-thread)!!
[2024-10-17 21:08:44] End gpu-accel-nano architecture with glayer 60 (1-thread)!!
Elapsed time: 0h 0m 0s
[2024-10-17 21:08:44] Start gpu-accel-nano architecture with glayer 64 (1-thread)!!
[2024-10-17 21:08:44] End gpu-accel-nano architecture with glayer 64 (1-thread)!!
Elapsed time: 0h 0m 0s
[2024-10-17 21:08:44] Start gpu-accel-nano architecture with glayer 68 (1-thread)!!
[2024-10-17 21:08:44] End gpu-accel-nano architecture with glayer 68 (1-thread)!!
Elapsed time: 0h 0m 0s
[2024-10-17 21:08:44] Start gpu-accel-nano architecture with glayer 72 (1-thread)!!
[2024-10-17 21:08:44] End gpu-accel-nano architecture with glayer 72 (1-thread)!!
Elapsed time: 0h 0m 0s
[2024-10-17 21:08:44] Start gpu-accel-nano architecture with glayer 76 (1-thread)!!
[2024-10-17 21:08:44] End gpu-accel-nano architecture with glayer 76 (1-thread)!!
Elapsed time: 0h 0m 0s
[2024-10-17 21:08:44] Start gpu-accel-nano architecture with glayer 80 (1-thread)!!
[2024-10-17 21:08:44] End gpu-accel-nano architecture with glayer 80 (1-thread)!!
Elapsed time: 0h 0m 0s
[2024-10-17 21:08:44] Start gpu-accel-nano architecture with glayer 84 (1-thread)!!
[2024-10-17 21:08:44] End gpu-accel-nano architecture with glayer 84 (1-thread)!!
Elapsed time: 0h 0m 0s
[2024-10-17 21:08:45] Start gpu-accel-nano architecture with glayer 88 (1-thread)!!
[2024-10-17 21:08:45] End gpu-accel-nano architecture with glayer 88 (1-thread)!!
Elapsed time: 0h 0m 0s
[2024-10-17 21:08:45] Start gpu-accel-nano architecture with glayer 92 (1-thread)!!
[2024-10-17 21:08:45] End gpu-accel-nano architecture with glayer 92 (1-thread)!!
Elapsed time: 0h 0m 0s
[2024-10-17 21:08:45] Start gpu-accel-nano architecture with glayer 96 (1-thread)!!
[2024-10-17 21:08:45] End gpu-accel-nano architecture with glayer 96 (1-thread)!!
Elapsed time: 0h 0m 0s
[2024-10-17 21:08:45] Start gpu-accel-nano architecture with glayer 100 (1-thread)!!
[2024-10-17 21:08:45] End gpu-accel-nano architecture with glayer 100 (1-thread)!!
Elapsed time: 0h 0m 0s
[2024-10-17 21:08:45] Start gpu-accel-nano architecture with glayer 104 (1-thread)!!
[2024-10-17 21:08:45] End gpu-accel-nano architecture with glayer 104 (1-thread)!!
Elapsed time: 0h 0m 0s
